Output of:
gcc -Wall -Wshadow -Wwrite-strings -Wundef -Wstrict-prototypes -Wunused -Wunused-parameter -Wold-style-definition -Wmissing-prototypes -Wmissing-declarations -Os -fno-builtin-strlen -finline-limit=0 -fomit-frame-pointer -ffunction-sections -fdata-sections -fno-guess-branch-probability -funsigned-char -static-libgcc -falign-functions=1 -falign-jumps=1 -falign-labels=1 -falign-loops=1 -march=i386 -mpreferred-stack-boundary=2 -Wdeclaration-after-statement -Wno-pointer-sign -static -o busybox_unstripped -Wl,--sort-common -Wl,--sort-section -Wl,alignment -Wl,--start-group applets/built-in.o archival/lib.a archival/libunarchive/lib.a console-tools/lib.a coreutils/lib.a coreutils/libcoreutils/lib.a debianutils/lib.a e2fsprogs/lib.a editors/lib.a findutils/lib.a init/lib.a libbb/lib.a libpwdgrp/lib.a loginutils/lib.a miscutils/lib.a modutils/lib.a networking/lib.a networking/libiproute/lib.a networking/udhcp/lib.a printutils/lib.a procps/lib.a runit/lib.a selinux/lib.a shell/lib.a sysklogd/lib.a util-linux/lib.a util-linux/volume_id/lib.a archival/built-in.o archival/libunarchive/built-in.o console-tools/built-in.o coreutils/built-in.o coreutils/libcoreutils/built-in.o debianutils/built-in.o e2fsprogs/built-in.o editors/built-in.o findutils/built-in.o init/built-in.o libbb/built-in.o libpwdgrp/built-in.o loginutils/built-in.o miscutils/built-in.o modutils/built-in.o networking/built-in.o networking/libiproute/built-in.o networking/udhcp/built-in.o printutils/built-in.o procps/built-in.o runit/built-in.o selinux/built-in.o shell/built-in.o sysklogd/built-in.o util-linux/built-in.o util-linux/volume_id/built-in.o -Wl,--end-group -Wl,--start-group -lcrypt -lm -Wl,--end-group -Wl,--warn-common -Wl,-Map -Wl,busybox_unstripped.map -Wl,--verbose
==========
GNU ld version 2.17 Debian GNU/Linux
  Supported emulations:
   elf_i386
   i386linux
   elf_x86_64
using internal linker script:
==================================================
/* Script for -z combreloc: combine and sort reloc sections */
OUTPUT_FORMAT("elf32-i386", "elf32-i386",
	      "elf32-i386")
OUTPUT_ARCH(i386)
ENTRY(_start)
SEARCH_DIR("/usr/i486-linux-gnu/lib32"); SEARCH_DIR("/usr/local/lib32"); SEARCH_DIR("/lib32"); SEARCH_DIR("/usr/lib32"); SEARCH_DIR("/usr/i486-linux-gnu/lib"); SEARCH_DIR("/usr/local/lib"); SEARCH_DIR("/lib"); SEARCH_DIR("/usr/lib");
SECTIONS
{
  /* Read-only sections, merged into text segment: */
  PROVIDE (__executable_start = 0x08048000); . = 0x08048000 + SIZEOF_HEADERS;
  .interp         : { *(.interp) }
  .hash           : { *(.hash) }
  .dynsym         : { *(.dynsym) }
  .dynstr         : { *(.dynstr) }
  .gnu.version    : { *(.gnu.version) }
  .gnu.version_d  : { *(.gnu.version_d) }
  .gnu.version_r  : { *(.gnu.version_r) }
  .rel.dyn        :
    {
      *(.rel.init)
      *(.rel.text .rel.text.* .rel.gnu.linkonce.t.*)
      *(.rel.fini)
      *(.rel.rodata .rel.rodata.* .rel.gnu.linkonce.r.*)
      *(.rel.data.rel.ro* .rel.gnu.linkonce.d.rel.ro.*)
      *(.rel.data .rel.data.* .rel.gnu.linkonce.d.*)
      *(.rel.tdata .rel.tdata.* .rel.gnu.linkonce.td.*)
      *(.rel.tbss .rel.tbss.* .rel.gnu.linkonce.tb.*)
      *(.rel.ctors)
      *(.rel.dtors)
      *(.rel.got)
      *(.rel.bss .rel.bss.* .rel.gnu.linkonce.b.*)
    }
  .rela.dyn       :
    {
      *(.rela.init)
      *(.rela.text .rela.text.* .rela.gnu.linkonce.t.*)
      *(.rela.fini)
      *(.rela.rodata .rela.rodata.* .rela.gnu.linkonce.r.*)
      *(.rela.data .rela.data.* .rela.gnu.linkonce.d.*)
      *(.rela.tdata .rela.tdata.* .rela.gnu.linkonce.td.*)
      *(.rela.tbss .rela.tbss.* .rela.gnu.linkonce.tb.*)
      *(.rela.ctors)
      *(.rela.dtors)
      *(.rela.got)
      *(.rela.bss .rela.bss.* .rela.gnu.linkonce.b.*)
    }
  .rel.plt        : { *(.rel.plt) }
  .rela.plt       : { *(.rela.plt) }
  .init           :
  {
    KEEP (*(.init))
  } =0x90909090
  .plt            : { *(.plt) }
  .text           :
  {
    *(.text .stub .text.* .gnu.linkonce.t.*)
    KEEP (*(.text.*personality*))
    /* .gnu.warning sections are handled specially by elf32.em.  */
    *(.gnu.warning)
  } =0x90909090
  .fini           :
  {
    KEEP (*(.fini))
  } =0x90909090
  PROVIDE (__etext = .);
  PROVIDE (_etext = .);
  PROVIDE (etext = .);
  .rodata         : { *(.rodata .rodata.* .gnu.linkonce.r.*) }
  .rodata1        : { *(.rodata1) }
  .eh_frame_hdr : { *(.eh_frame_hdr) }
  .eh_frame       : ONLY_IF_RO { KEEP (*(.eh_frame)) }
  .gcc_except_table   : ONLY_IF_RO { *(.gcc_except_table .gcc_except_table.*) }
  /* Adjust the address for the data segment.  We want to adjust up to
     the same address within the page on the next page up.  */
  . = ALIGN (0x1000) - ((0x1000 - .) & (0x1000 - 1)); . = DATA_SEGMENT_ALIGN (0x1000, 0x1000);
  /* Exception handling  */
  .eh_frame       : ONLY_IF_RW { KEEP (*(.eh_frame)) }
  .gcc_except_table   : ONLY_IF_RW { *(.gcc_except_table .gcc_except_table.*) }
  /* Thread Local Storage sections  */
  .tdata	  : { *(.tdata .tdata.* .gnu.linkonce.td.*) }
  .tbss		  : { *(.tbss .tbss.* .gnu.linkonce.tb.*) *(.tcommon) }
  .preinit_array     :
  {
    PROVIDE_HIDDEN (__preinit_array_start = .);
    KEEP (*(.preinit_array))
    PROVIDE_HIDDEN (__preinit_array_end = .);
  }
  .init_array     :
  {
     PROVIDE_HIDDEN (__init_array_start = .);
     KEEP (*(SORT(.init_array.*)))
     KEEP (*(.init_array))
     PROVIDE_HIDDEN (__init_array_end = .);
  }
  .fini_array     :
  {
    PROVIDE_HIDDEN (__fini_array_start = .);
    KEEP (*(.fini_array))
    KEEP (*(SORT(.fini_array.*)))
    PROVIDE_HIDDEN (__fini_array_end = .);
  }
  .ctors          :
  {
    /* gcc uses crtbegin.o to find the start of
       the constructors, so we make sure it is
       first.  Because this is a wildcard, it
       doesn't matter if the user does not
       actually link against crtbegin.o; the
       linker won't look for a file to match a
       wildcard.  The wildcard also means that it
       doesn't matter which directory crtbegin.o
       is in.  */
    KEEP (*crtbegin*.o(.ctors))
    /* We don't want to include the .ctor section from
       the crtend.o file until after the sorted ctors.
       The .ctor section from the crtend file contains the
       end of ctors marker and it must be last */
    KEEP (*(EXCLUDE_FILE (*crtend*.o ) .ctors))
    KEEP (*(SORT(.ctors.*)))
    KEEP (*(.ctors))
  }
  .dtors          :
  {
    KEEP (*crtbegin*.o(.dtors))
    KEEP (*(EXCLUDE_FILE (*crtend*.o ) .dtors))
    KEEP (*(SORT(.dtors.*)))
    KEEP (*(.dtors))
  }
  .jcr            : { KEEP (*(.jcr)) }
  .data.rel.ro : { *(.data.rel.ro.local* .gnu.linkonce.d.rel.ro.local.*) *(.data.rel.ro* .gnu.linkonce.d.rel.ro.*) }
  .dynamic        : { *(.dynamic) }
  .got            : { *(.got) }
  . = DATA_SEGMENT_RELRO_END (12, .);
  .got.plt        : { *(.got.plt) }
  .data           :
  {
    *(.data .data.* .gnu.linkonce.d.*)
    KEEP (*(.gnu.linkonce.d.*personality*))
    SORT(CONSTRUCTORS)
  }
  .data1          : { *(.data1) }
  _edata = .; PROVIDE (edata = .);
  __bss_start = .;
  .bss            :
  {
   *(.dynbss)
   *(.bss .bss.* .gnu.linkonce.b.*)
   *(COMMON)
   /* Align here to ensure that the .bss section occupies space up to
      _end.  Align after .bss to ensure correct alignment even if the
      .bss section disappears because there are no input sections.
      FIXME: Why do we need it? When there is no .bss section, we don't
      pad the .data section.  */
   . = ALIGN(. != 0 ? 32 / 8 : 1);
  }
  . = ALIGN(32 / 8);
  . = ALIGN(32 / 8);
  _end = .; PROVIDE (end = .);
  . = DATA_SEGMENT_END (.);
  /* Stabs debugging sections.  */
  .stab          0 : { *(.stab) }
  .stabstr       0 : { *(.stabstr) }
  .stab.excl     0 : { *(.stab.excl) }
  .stab.exclstr  0 : { *(.stab.exclstr) }
  .stab.index    0 : { *(.stab.index) }
  .stab.indexstr 0 : { *(.stab.indexstr) }
  .comment       0 : { *(.comment) }
  /* DWARF debug sections.
     Symbols in the DWARF debugging sections are relative to the beginning
     of the section so we begin them at 0.  */
  /* DWARF 1 */
  .debug          0 : { *(.debug) }
  .line           0 : { *(.line) }
  /* GNU DWARF 1 extensions */
  .debug_srcinfo  0 : { *(.debug_srcinfo) }
  .debug_sfnames  0 : { *(.debug_sfnames) }
  /* DWARF 1.1 and DWARF 2 */
  .debug_aranges  0 : { *(.debug_aranges) }
  .debug_pubnames 0 : { *(.debug_pubnames) }
  /* DWARF 2 */
  .debug_info     0 : { *(.debug_info .gnu.linkonce.wi.*) }
  .debug_abbrev   0 : { *(.debug_abbrev) }
  .debug_line     0 : { *(.debug_line) }
  .debug_frame    0 : { *(.debug_frame) }
  .debug_str      0 : { *(.debug_str) }
  .debug_loc      0 : { *(.debug_loc) }
  .debug_macinfo  0 : { *(.debug_macinfo) }
  /* SGI/MIPS DWARF 2 extensions */
  .debug_weaknames 0 : { *(.debug_weaknames) }
  .debug_funcnames 0 : { *(.debug_funcnames) }
  .debug_typenames 0 : { *(.debug_typenames) }
  .debug_varnames  0 : { *(.debug_varnames) }
  /DISCARD/ : { *(.note.GNU-stack) }
}


==================================================
attempt to open /usr/lib/gcc/i486-linux-gnu/4.1.2/../../../../lib/crt1.o succeeded
/usr/lib/gcc/i486-linux-gnu/4.1.2/../../../../lib/crt1.o
attempt to open /usr/lib/gcc/i486-linux-gnu/4.1.2/../../../../lib/crti.o succeeded
/usr/lib/gcc/i486-linux-gnu/4.1.2/../../../../lib/crti.o
attempt to open /usr/lib/gcc/i486-linux-gnu/4.1.2/crtbeginT.o succeeded
/usr/lib/gcc/i486-linux-gnu/4.1.2/crtbeginT.o
attempt to open applets/built-in.o succeeded
applets/built-in.o
attempt to open archival/lib.a succeeded
attempt to open archival/libunarchive/lib.a succeeded
attempt to open console-tools/lib.a succeeded
attempt to open coreutils/lib.a succeeded
attempt to open coreutils/libcoreutils/lib.a succeeded
attempt to open debianutils/lib.a succeeded
attempt to open e2fsprogs/lib.a succeeded
attempt to open editors/lib.a succeeded
attempt to open findutils/lib.a succeeded
attempt to open init/lib.a succeeded
attempt to open libbb/lib.a succeeded
(libbb/lib.a)appletlib.o
(libbb/lib.a)bb_basename.o
(libbb/lib.a)bb_strtonum.o
(libbb/lib.a)concat_path_file.o
(libbb/lib.a)default_error_retval.o
(libbb/lib.a)error_msg_and_die.o
(libbb/lib.a)get_last_path_component.o
(libbb/lib.a)last_char_is.o
(libbb/lib.a)messages.o
(libbb/lib.a)perror_msg.o
(libbb/lib.a)perror_msg_and_die.o
(libbb/lib.a)skip_whitespace.o
(libbb/lib.a)verror_msg.o
(libbb/lib.a)xfuncs.o
(libbb/lib.a)xreadlink.o
(libbb/lib.a)copyfd.o
(libbb/lib.a)error_msg.o
(libbb/lib.a)full_write.o
(libbb/lib.a)read.o
(libbb/lib.a)safe_poll.o
(libbb/lib.a)safe_write.o
attempt to open libpwdgrp/lib.a succeeded
(libpwdgrp/lib.a)pwd_grp.o
attempt to open loginutils/lib.a succeeded
(loginutils/lib.a)addgroup.o
(loginutils/lib.a)adduser.o
(loginutils/lib.a)chpasswd.o
(loginutils/lib.a)cryptpw.o
(loginutils/lib.a)deluser.o
(loginutils/lib.a)getty.o
(loginutils/lib.a)login.o
(loginutils/lib.a)passwd.o
(loginutils/lib.a)su.o
(loginutils/lib.a)sulogin.o
(loginutils/lib.a)vlock.o
attempt to open miscutils/lib.a succeeded
(miscutils/lib.a)adjtimex.o
(miscutils/lib.a)chrt.o
(miscutils/lib.a)crond.o
(miscutils/lib.a)crontab.o
(miscutils/lib.a)dc.o
(miscutils/lib.a)eject.o
(miscutils/lib.a)hdparm.o
(miscutils/lib.a)last.o
(miscutils/lib.a)less.o
(miscutils/lib.a)makedevs.o
(miscutils/lib.a)microcom.o
(miscutils/lib.a)mountpoint.o
(miscutils/lib.a)mt.o
(miscutils/lib.a)raidautorun.o
(miscutils/lib.a)readahead.o
(miscutils/lib.a)runlevel.o
(miscutils/lib.a)rx.o
(miscutils/lib.a)setsid.o
(miscutils/lib.a)strings.o
(miscutils/lib.a)taskset.o
(miscutils/lib.a)time.o
(miscutils/lib.a)ttysize.o
(miscutils/lib.a)watchdog.o
attempt to open modutils/lib.a succeeded
(modutils/lib.a)insmod.o
(modutils/lib.a)lsmod.o
(modutils/lib.a)modprobe.o
(modutils/lib.a)rmmod.o
attempt to open networking/lib.a succeeded
(networking/lib.a)arp.o
(networking/lib.a)arping.o
(networking/lib.a)brctl.o
(networking/lib.a)dnsd.o
(networking/lib.a)ether-wake.o
(networking/lib.a)ftpgetput.o
(networking/lib.a)hostname.o
(networking/lib.a)httpd.o
(networking/lib.a)ifconfig.o
(networking/lib.a)ifenslave.o
(networking/lib.a)ifupdown.o
(networking/lib.a)inetd.o
(networking/lib.a)interface.o
(networking/lib.a)ip.o
(networking/lib.a)ipcalc.o
(networking/lib.a)isrv_identd.o
(networking/lib.a)nameif.o
(networking/lib.a)nc.o
(networking/lib.a)netstat.o
(networking/lib.a)nslookup.o
(networking/lib.a)ping.o
(networking/lib.a)pscan.o
(networking/lib.a)route.o
(networking/lib.a)sendmail.o
(networking/lib.a)slattach.o
(networking/lib.a)tcpudp.o
(networking/lib.a)tcpudp_perhost.o
(networking/lib.a)telnet.o
(networking/lib.a)telnetd.o
(networking/lib.a)tftp.o
(networking/lib.a)traceroute.o
(networking/lib.a)vconfig.o
(networking/lib.a)wget.o
(networking/lib.a)zcip.o
(networking/lib.a)isrv.o
attempt to open networking/libiproute/lib.a succeeded
(networking/libiproute/lib.a)ip_parse_common_args.o
(networking/libiproute/lib.a)ipaddress.o
(networking/libiproute/lib.a)iplink.o
(networking/libiproute/lib.a)iproute.o
(networking/libiproute/lib.a)iprule.o
(networking/libiproute/lib.a)iptunnel.o
(networking/libiproute/lib.a)libnetlink.o
(networking/libiproute/lib.a)ll_addr.o
(networking/libiproute/lib.a)ll_map.o
(networking/libiproute/lib.a)ll_types.o
(networking/libiproute/lib.a)rt_names.o
(networking/libiproute/lib.a)rtm_map.o
(networking/libiproute/lib.a)utils.o
attempt to open networking/udhcp/lib.a succeeded
(networking/udhcp/lib.a)dhcpc.o
(networking/udhcp/lib.a)dhcpd.o
(networking/udhcp/lib.a)dhcprelay.o
(networking/udhcp/lib.a)dumpleases.o
(networking/udhcp/lib.a)files.o
(networking/udhcp/lib.a)leases.o
(networking/udhcp/lib.a)options.o
(networking/udhcp/lib.a)packet.o
(networking/udhcp/lib.a)script.o
(networking/udhcp/lib.a)serverpacket.o
(networking/udhcp/lib.a)signalpipe.o
(networking/udhcp/lib.a)socket.o
(networking/udhcp/lib.a)static_leases.o
(networking/udhcp/lib.a)arpping.o
(networking/udhcp/lib.a)clientpacket.o
(networking/udhcp/lib.a)clientsocket.o
(networking/udhcp/lib.a)common.o
(networking/udhcp/lib.a)domain_codec.o
attempt to open printutils/lib.a succeeded
(printutils/lib.a)lpd.o
(printutils/lib.a)lpr.o
attempt to open procps/lib.a succeeded
(procps/lib.a)free.o
(procps/lib.a)fuser.o
(procps/lib.a)kill.o
(procps/lib.a)nmeter.o
(procps/lib.a)pgrep.o
(procps/lib.a)pidof.o
(procps/lib.a)ps.o
(procps/lib.a)renice.o
(procps/lib.a)sysctl.o
(procps/lib.a)top.o
(procps/lib.a)uptime.o
(procps/lib.a)watch.o
attempt to open runit/lib.a succeeded
(runit/lib.a)chpst.o
(runit/lib.a)runsv.o
(runit/lib.a)runsvdir.o
(runit/lib.a)sv.o
(runit/lib.a)svlogd.o
(runit/lib.a)runit_lib.o
attempt to open selinux/lib.a succeeded
attempt to open shell/lib.a succeeded
(shell/lib.a)ash.o
(shell/lib.a)ash_ptr_hack.o
attempt to open sysklogd/lib.a succeeded
(sysklogd/lib.a)klogd.o
(sysklogd/lib.a)logger.o
(sysklogd/lib.a)logread.o
(sysklogd/lib.a)syslogd.o
attempt to open util-linux/lib.a succeeded
(util-linux/lib.a)dmesg.o
(util-linux/lib.a)fbset.o
(util-linux/lib.a)fdformat.o
(util-linux/lib.a)fdisk.o
(util-linux/lib.a)freeramdisk.o
(util-linux/lib.a)fsck_minix.o
(util-linux/lib.a)getopt.o
(util-linux/lib.a)hexdump.o
(util-linux/lib.a)hwclock.o
(util-linux/lib.a)ipcrm.o
(util-linux/lib.a)ipcs.o
(util-linux/lib.a)losetup.o
(util-linux/lib.a)mdev.o
(util-linux/lib.a)mkfs_minix.o
(util-linux/lib.a)mkswap.o
(util-linux/lib.a)more.o
(util-linux/lib.a)mount.o
(util-linux/lib.a)pivot_root.o
(util-linux/lib.a)rdate.o
(util-linux/lib.a)readprofile.o
(util-linux/lib.a)script.o
(util-linux/lib.a)setarch.o
(util-linux/lib.a)swaponoff.o
(util-linux/lib.a)switch_root.o
(util-linux/lib.a)umount.o
attempt to open util-linux/volume_id/lib.a succeeded
attempt to open archival/built-in.o succeeded
attempt to open archival/libunarchive/built-in.o succeeded
attempt to open console-tools/built-in.o succeeded
attempt to open coreutils/built-in.o succeeded
attempt to open coreutils/libcoreutils/built-in.o succeeded
attempt to open debianutils/built-in.o succeeded
attempt to open e2fsprogs/built-in.o succeeded
attempt to open editors/built-in.o succeeded
attempt to open findutils/built-in.o succeeded
attempt to open init/built-in.o succeeded
attempt to open libbb/built-in.o succeeded
attempt to open libpwdgrp/built-in.o succeeded
attempt to open loginutils/built-in.o succeeded
attempt to open miscutils/built-in.o succeeded
attempt to open modutils/built-in.o succeeded
attempt to open networking/built-in.o succeeded
attempt to open networking/libiproute/built-in.o succeeded
attempt to open networking/udhcp/built-in.o succeeded
attempt to open printutils/built-in.o succeeded
attempt to open procps/built-in.o succeeded
attempt to open runit/built-in.o succeeded
attempt to open selinux/built-in.o succeeded
attempt to open shell/built-in.o succeeded
attempt to open sysklogd/built-in.o succeeded
attempt to open util-linux/built-in.o succeeded
attempt to open util-linux/volume_id/built-in.o succeeded
(archival/lib.a)ar.o
(archival/lib.a)bbunzip.o
(archival/lib.a)bzip2.o
(archival/lib.a)cpio.o
(archival/lib.a)gzip.o
(archival/lib.a)rpm.o
(archival/lib.a)rpm2cpio.o
(archival/lib.a)tar.o
(archival/lib.a)unzip.o
(archival/libunarchive/lib.a)data_extract_all.o
(archival/libunarchive/lib.a)data_extract_to_stdout.o
(archival/libunarchive/lib.a)data_skip.o
(archival/libunarchive/lib.a)decompress_bunzip2.o
(archival/libunarchive/lib.a)decompress_uncompress.o
(archival/libunarchive/lib.a)decompress_unlzma.o
(archival/libunarchive/lib.a)decompress_unzip.o
(archival/libunarchive/lib.a)filter_accept_list.o
(archival/libunarchive/lib.a)filter_accept_reject_list.o
(archival/libunarchive/lib.a)find_list_entry.o
(archival/libunarchive/lib.a)get_header_ar.o
(archival/libunarchive/lib.a)get_header_cpio.o
(archival/libunarchive/lib.a)get_header_tar.o
(archival/libunarchive/lib.a)get_header_tar_bz2.o
(archival/libunarchive/lib.a)get_header_tar_gz.o
(archival/libunarchive/lib.a)get_header_tar_lzma.o
(archival/libunarchive/lib.a)header_list.o
(archival/libunarchive/lib.a)header_verbose_list.o
(archival/libunarchive/lib.a)init_handle.o
(archival/libunarchive/lib.a)open_transformer.o
(archival/libunarchive/lib.a)seek_by_jump.o
(archival/libunarchive/lib.a)seek_by_read.o
(archival/libunarchive/lib.a)archive_xread_all_eof.o
(archival/libunarchive/lib.a)data_align.o
(archival/libunarchive/lib.a)filter_accept_all.o
(archival/libunarchive/lib.a)header_skip.o
(console-tools/lib.a)chvt.o
(console-tools/lib.a)clear.o
(console-tools/lib.a)deallocvt.o
(console-tools/lib.a)dumpkmap.o
(console-tools/lib.a)kbd_mode.o
(console-tools/lib.a)loadfont.o
(console-tools/lib.a)loadkmap.o
(console-tools/lib.a)openvt.o
(console-tools/lib.a)reset.o
(console-tools/lib.a)resize.o
(console-tools/lib.a)setconsole.o
(console-tools/lib.a)setkeycodes.o
(console-tools/lib.a)setlogcons.o
(coreutils/lib.a)basename.o
(coreutils/lib.a)cal.o
(coreutils/lib.a)cat.o
(coreutils/lib.a)catv.o
(coreutils/lib.a)chgrp.o
(coreutils/lib.a)chmod.o
(coreutils/lib.a)chown.o
(coreutils/lib.a)chroot.o
(coreutils/lib.a)cksum.o
(coreutils/lib.a)comm.o
(coreutils/lib.a)cp.o
(coreutils/lib.a)cut.o
(coreutils/lib.a)date.o
(coreutils/lib.a)dd.o
(coreutils/lib.a)df.o
(coreutils/lib.a)dirname.o
(coreutils/lib.a)dos2unix.o
(coreutils/lib.a)du.o
(coreutils/lib.a)echo.o
(coreutils/lib.a)env.o
(coreutils/lib.a)expand.o
(coreutils/lib.a)expr.o
(coreutils/lib.a)false.o
(coreutils/lib.a)fold.o
(coreutils/lib.a)head.o
(coreutils/lib.a)hostid.o
(coreutils/lib.a)id.o
(coreutils/lib.a)install.o
(coreutils/lib.a)length.o
(coreutils/lib.a)ln.o
(coreutils/lib.a)logname.o
(coreutils/lib.a)ls.o
(coreutils/lib.a)md5_sha1_sum.o
(coreutils/lib.a)mkdir.o
(coreutils/lib.a)mkfifo.o
(coreutils/lib.a)mknod.o
(coreutils/lib.a)mv.o
(coreutils/lib.a)nice.o
(coreutils/lib.a)nohup.o
(coreutils/lib.a)od.o
(coreutils/lib.a)printenv.o
(coreutils/lib.a)printf.o
(coreutils/lib.a)pwd.o
(coreutils/lib.a)readlink.o
(coreutils/lib.a)realpath.o
(coreutils/lib.a)rm.o
(coreutils/lib.a)rmdir.o
(coreutils/lib.a)seq.o
(coreutils/lib.a)sleep.o
(coreutils/lib.a)sort.o
(coreutils/lib.a)split.o
(coreutils/lib.a)stat.o
(coreutils/lib.a)stty.o
(coreutils/lib.a)sum.o
(coreutils/lib.a)sync.o
(coreutils/lib.a)tac.o
(coreutils/lib.a)tail.o
(coreutils/lib.a)tee.o
(coreutils/lib.a)test.o
(coreutils/lib.a)touch.o
(coreutils/lib.a)tr.o
(coreutils/lib.a)true.o
(coreutils/lib.a)tty.o
(coreutils/lib.a)uname.o
(coreutils/lib.a)uniq.o
(coreutils/lib.a)usleep.o
(coreutils/lib.a)uudecode.o
(coreutils/lib.a)uuencode.o
(coreutils/lib.a)wc.o
(coreutils/lib.a)who.o
(coreutils/lib.a)whoami.o
(coreutils/lib.a)yes.o
(coreutils/libcoreutils/lib.a)cp_mv_stat.o
(coreutils/libcoreutils/lib.a)getopt_mk_fifo_nod.o
(debianutils/lib.a)mktemp.o
(debianutils/lib.a)pipe_progress.o
(debianutils/lib.a)run_parts.o
(debianutils/lib.a)start_stop_daemon.o
(debianutils/lib.a)which.o
(e2fsprogs/lib.a)chattr.o
(e2fsprogs/lib.a)e2fs_lib.o
(e2fsprogs/lib.a)fsck.o
(e2fsprogs/lib.a)lsattr.o
(editors/lib.a)awk.o
(editors/lib.a)cmp.o
(editors/lib.a)diff.o
(editors/lib.a)ed.o
(editors/lib.a)patch.o
(editors/lib.a)sed.o
(editors/lib.a)vi.o
(findutils/lib.a)find.o
(findutils/lib.a)grep.o
(findutils/lib.a)xargs.o
(init/lib.a)halt.o
(init/lib.a)init.o
(init/lib.a)mesg.o
(libbb/lib.a)ask_confirmation.o
(libbb/lib.a)bb_askpass.o
(libbb/lib.a)bb_do_delay.o
(libbb/lib.a)bb_pwd.o
(libbb/lib.a)bb_qsort.o
(libbb/lib.a)change_identity.o
(libbb/lib.a)chomp.o
(libbb/lib.a)compare_string_array.o
(libbb/lib.a)concat_subpath_file.o
(libbb/lib.a)copy_file.o
(libbb/lib.a)correct_password.o
(libbb/lib.a)crc32.o
(libbb/lib.a)create_icmp6_socket.o
(libbb/lib.a)create_icmp_socket.o
(libbb/lib.a)crypt_make_salt.o
(libbb/lib.a)device_open.o
(libbb/lib.a)dump.o
(libbb/lib.a)execable.o
(libbb/lib.a)fclose_nonstdin.o
(libbb/lib.a)fflush_stdout_and_exit.o
(libbb/lib.a)fgets_str.o
(libbb/lib.a)find_mount_point.o
(libbb/lib.a)find_pid_by_name.o
(libbb/lib.a)get_console.o
(libbb/lib.a)get_line_from_file.o
(libbb/lib.a)getopt32.o
(libbb/lib.a)getpty.o
(libbb/lib.a)herror_msg.o
(libbb/lib.a)herror_msg_and_die.o
(libbb/lib.a)human_readable.o
(libbb/lib.a)inet_common.o
(libbb/lib.a)info_msg.o
(libbb/lib.a)inode_hash.o
(libbb/lib.a)isdirectory.o
(libbb/lib.a)kernel_version.o
(libbb/lib.a)lineedit.o
(libbb/lib.a)llist.o
(libbb/lib.a)login.o
(libbb/lib.a)loop.o
(libbb/lib.a)make_directory.o
(libbb/lib.a)makedev.o
(libbb/lib.a)match_fstype.o
(libbb/lib.a)md5.o
(libbb/lib.a)mode_string.o
(libbb/lib.a)mtab_file.o
(libbb/lib.a)obscure.o
(libbb/lib.a)parse_mode.o
(libbb/lib.a)perror_nomsg_and_die.o
(libbb/lib.a)pidfile.o
(libbb/lib.a)printable.o
(libbb/lib.a)process_escape_sequence.o
(libbb/lib.a)procps.o
(libbb/lib.a)ptr_to_globals.o
(libbb/lib.a)pw_encrypt.o
(libbb/lib.a)recursive_action.o
(libbb/lib.a)remove_file.o
(libbb/lib.a)restricted_shell.o
(libbb/lib.a)rtc.o
(libbb/lib.a)run_shell.o
(libbb/lib.a)safe_gethostname.o
(libbb/lib.a)safe_strncpy.o
(libbb/lib.a)setup_environment.o
(libbb/lib.a)sha1.o
(libbb/lib.a)signals.o
(libbb/lib.a)simplify_path.o
(libbb/lib.a)speed_table.o
(libbb/lib.a)str_tolower.o
(libbb/lib.a)time.o
(libbb/lib.a)trim.o
(libbb/lib.a)u_signal_names.o
(libbb/lib.a)udp_io.o
(libbb/lib.a)update_passwd.o
(libbb/lib.a)uuencode.o
(libbb/lib.a)vfork_daemon_rexec.o
(libbb/lib.a)warn_ignoring_args.o
(libbb/lib.a)wfopen.o
(libbb/lib.a)wfopen_input.o
(libbb/lib.a)xatonum.o
(libbb/lib.a)xconnect.o
(libbb/lib.a)xgetcwd.o
(libbb/lib.a)xgethostbyname.o
(libbb/lib.a)xregcomp.o
(libpwdgrp/lib.a)uidgid_get.o
attempt to open /usr/lib/gcc/i486-linux-gnu/4.1.2/libcrypt.a failed
attempt to open /usr/lib/gcc/i486-linux-gnu/4.1.2/libcrypt.a failed
attempt to open /usr/lib/gcc/i486-linux-gnu/4.1.2/../../../../lib/libcrypt.a succeeded
(/usr/lib/gcc/i486-linux-gnu/4.1.2/../../../../lib/libcrypt.a)crypt-entry.o
(/usr/lib/gcc/i486-linux-gnu/4.1.2/../../../../lib/libcrypt.a)md5-crypt.o
(/usr/lib/gcc/i486-linux-gnu/4.1.2/../../../../lib/libcrypt.a)md5.o
(/usr/lib/gcc/i486-linux-gnu/4.1.2/../../../../lib/libcrypt.a)crypt.o
(/usr/lib/gcc/i486-linux-gnu/4.1.2/../../../../lib/libcrypt.a)crypt_util.o
attempt to open /usr/lib/gcc/i486-linux-gnu/4.1.2/libm.a failed
attempt to open /usr/lib/gcc/i486-linux-gnu/4.1.2/libm.a failed
attempt to open /usr/lib/gcc/i486-linux-gnu/4.1.2/../../../../lib/libm.a succeeded
(/usr/lib/gcc/i486-linux-gnu/4.1.2/../../../../lib/libm.a)s_cos.o
(/usr/lib/gcc/i486-linux-gnu/4.1.2/../../../../lib/libm.a)s_sin.o
(/usr/lib/gcc/i486-linux-gnu/4.1.2/../../../../lib/libm.a)w_atan2.o
(/usr/lib/gcc/i486-linux-gnu/4.1.2/../../../../lib/libm.a)w_exp.o
(/usr/lib/gcc/i486-linux-gnu/4.1.2/../../../../lib/libm.a)w_log.o
(/usr/lib/gcc/i486-linux-gnu/4.1.2/../../../../lib/libm.a)w_pow.o
(/usr/lib/gcc/i486-linux-gnu/4.1.2/../../../../lib/libm.a)w_sqrt.o
(/usr/lib/gcc/i486-linux-gnu/4.1.2/../../../../lib/libm.a)m_isnan.o
(/usr/lib/gcc/i486-linux-gnu/4.1.2/../../../../lib/libm.a)m_finite.o
(/usr/lib/gcc/i486-linux-gnu/4.1.2/../../../../lib/libm.a)k_standard.o
(/usr/lib/gcc/i486-linux-gnu/4.1.2/../../../../lib/libm.a)s_lib_version.o
(/usr/lib/gcc/i486-linux-gnu/4.1.2/../../../../lib/libm.a)s_matherr.o
(/usr/lib/gcc/i486-linux-gnu/4.1.2/../../../../lib/libm.a)e_exp.o
(/usr/lib/gcc/i486-linux-gnu/4.1.2/../../../../lib/libm.a)e_log.o
(/usr/lib/gcc/i486-linux-gnu/4.1.2/../../../../lib/libm.a)e_pow.o
(/usr/lib/gcc/i486-linux-gnu/4.1.2/../../../../lib/libm.a)s_rint.o
attempt to open /usr/lib/gcc/i486-linux-gnu/4.1.2/libgcc.a succeeded
(/usr/lib/gcc/i486-linux-gnu/4.1.2/libgcc.a)_divdi3.o
(/usr/lib/gcc/i486-linux-gnu/4.1.2/libgcc.a)_moddi3.o
(/usr/lib/gcc/i486-linux-gnu/4.1.2/libgcc.a)_udivdi3.o
(/usr/lib/gcc/i486-linux-gnu/4.1.2/libgcc.a)_umoddi3.o
attempt to open /usr/lib/gcc/i486-linux-gnu/4.1.2/libgcc_eh.a succeeded
attempt to open /usr/lib/gcc/i486-linux-gnu/4.1.2/libc.a failed
attempt to open /usr/lib/gcc/i486-linux-gnu/4.1.2/libc.a failed
attempt to open /usr/lib/gcc/i486-linux-gnu/4.1.2/../../../../lib/libc.a succeeded
(/usr/lib/gcc/i486-linux-gnu/4.1.2/../../../../lib/libc.a)libc-start.o
(/usr/lib/gcc/i486-linux-gnu/4.1.2/../../../../lib/libc.a)check_fds.o
(/usr/lib/gcc/i486-linux-gnu/4.1.2/../../../../lib/libc.a)libc-tls.o
(/usr/lib/gcc/i486-linux-gnu/4.1.2/../../../../lib/libc.a)elf-init.o
(/usr/lib/gcc/i486-linux-gnu/4.1.2/../../../../lib/libc.a)errno.o
(/usr/lib/gcc/i486-linux-gnu/4.1.2/../../../../lib/libc.a)errno-loc.o
(/usr/lib/gcc/i486-linux-gnu/4.1.2/../../../../lib/libc.a)setlocale.o
(/usr/lib/gcc/i486-linux-gnu/4.1.2/../../../../lib/libc.a)findlocale.o
(/usr/lib/gcc/i486-linux-gnu/4.1.2/../../../../lib/libc.a)loadlocale.o
(/usr/lib/gcc/i486-linux-gnu/4.1.2/../../../../lib/libc.a)loadarchive.o
(/usr/lib/gcc/i486-linux-gnu/4.1.2/../../../../lib/libc.a)C_name.o
(/usr/lib/gcc/i486-linux-gnu/4.1.2/../../../../lib/libc.a)xlocale.o
(/usr/lib/gcc/i486-linux-gnu/4.1.2/../../../../lib/libc.a)global-locale.o
(/usr/lib/gcc/i486-linux-gnu/4.1.2/../../../../lib/libc.a)assert.o
(/usr/lib/gcc/i486-linux-gnu/4.1.2/../../../../lib/libc.a)ctype.o
(/usr/lib/gcc/i486-linux-gnu/4.1.2/../../../../lib/libc.a)ctype-extn.o
(/usr/lib/gcc/i486-linux-gnu/4.1.2/../../../../lib/libc.a)ctype-info.o
(/usr/lib/gcc/i486-linux-gnu/4.1.2/../../../../lib/libc.a)dcgettext.o
(/usr/lib/gcc/i486-linux-gnu/4.1.2/../../../../lib/libc.a)dcigettext.o
(/usr/lib/gcc/i486-linux-gnu/4.1.2/../../../../lib/libc.a)finddomain.o
(/usr/lib/gcc/i486-linux-gnu/4.1.2/../../../../lib/libc.a)loadmsgcat.o
(/usr/lib/gcc/i486-linux-gnu/4.1.2/../../../../lib/libc.a)localealias.o
(/usr/lib/gcc/i486-linux-gnu/4.1.2/../../../../lib/libc.a)l10nflist.o
(/usr/lib/gcc/i486-linux-gnu/4.1.2/../../../../lib/libc.a)explodename.o
(/usr/lib/gcc/i486-linux-gnu/4.1.2/../../../../lib/libc.a)plural.o
(/usr/lib/gcc/i486-linux-gnu/4.1.2/../../../../lib/libc.a)plural-exp.o
(/usr/lib/gcc/i486-linux-gnu/4.1.2/../../../../lib/libc.a)hash-string.o
(/usr/lib/gcc/i486-linux-gnu/4.1.2/../../../../lib/libc.a)setjmp.o
(/usr/lib/gcc/i486-linux-gnu/4.1.2/../../../../lib/libc.a)sigjmp.o
(/usr/lib/gcc/i486-linux-gnu/4.1.2/../../../../lib/libc.a)bsd-_setjmp.o
(/usr/lib/gcc/i486-linux-gnu/4.1.2/../../../../lib/libc.a)longjmp.o
(/usr/lib/gcc/i486-linux-gnu/4.1.2/../../../../lib/libc.a)__longjmp.o
(/usr/lib/gcc/i486-linux-gnu/4.1.2/../../../../lib/libc.a)jmp-unwind.o
(/usr/lib/gcc/i486-linux-gnu/4.1.2/../../../../lib/libc.a)signal.o
(/usr/lib/gcc/i486-linux-gnu/4.1.2/../../../../lib/libc.a)raise.o
(/usr/lib/gcc/i486-linux-gnu/4.1.2/../../../../lib/libc.a)killpg.o
(/usr/lib/gcc/i486-linux-gnu/4.1.2/../../../../lib/libc.a)sigaction.o
(/usr/lib/gcc/i486-linux-gnu/4.1.2/../../../../lib/libc.a)sigprocmask.o
(/usr/lib/gcc/i486-linux-gnu/4.1.2/../../../../lib/libc.a)kill.o
(/usr/lib/gcc/i486-linux-gnu/4.1.2/../../../../lib/libc.a)sigsuspend.o
(/usr/lib/gcc/i486-linux-gnu/4.1.2/../../../../lib/libc.a)sigempty.o
(/usr/lib/gcc/i486-linux-gnu/4.1.2/../../../../lib/libc.a)sigfillset.o
(/usr/lib/gcc/i486-linux-gnu/4.1.2/../../../../lib/libc.a)sigaddset.o
(/usr/lib/gcc/i486-linux-gnu/4.1.2/../../../../lib/libc.a)atof.o
(/usr/lib/gcc/i486-linux-gnu/4.1.2/../../../../lib/libc.a)atoi.o
(/usr/lib/gcc/i486-linux-gnu/4.1.2/../../../../lib/libc.a)abort.o
(/usr/lib/gcc/i486-linux-gnu/4.1.2/../../../../lib/libc.a)bsearch.o
(/usr/lib/gcc/i486-linux-gnu/4.1.2/../../../../lib/libc.a)msort.o
(/usr/lib/gcc/i486-linux-gnu/4.1.2/../../../../lib/libc.a)getenv.o
(/usr/lib/gcc/i486-linux-gnu/4.1.2/../../../../lib/libc.a)putenv.o
(/usr/lib/gcc/i486-linux-gnu/4.1.2/../../../../lib/libc.a)setenv.o
(/usr/lib/gcc/i486-linux-gnu/4.1.2/../../../../lib/libc.a)exit.o
(/usr/lib/gcc/i486-linux-gnu/4.1.2/../../../../lib/libc.a)atexit.o
(/usr/lib/gcc/i486-linux-gnu/4.1.2/../../../../lib/libc.a)cxa_atexit.o
(/usr/lib/gcc/i486-linux-gnu/4.1.2/../../../../lib/libc.a)random.o
(/usr/lib/gcc/i486-linux-gnu/4.1.2/../../../../lib/libc.a)random_r.o
(/usr/lib/gcc/i486-linux-gnu/4.1.2/../../../../lib/libc.a)rand.o
(/usr/lib/gcc/i486-linux-gnu/4.1.2/../../../../lib/libc.a)strtol.o
(/usr/lib/gcc/i486-linux-gnu/4.1.2/../../../../lib/libc.a)strtoul.o
(/usr/lib/gcc/i486-linux-gnu/4.1.2/../../../../lib/libc.a)strtoll.o
(/usr/lib/gcc/i486-linux-gnu/4.1.2/../../../../lib/libc.a)strtoull.o
(/usr/lib/gcc/i486-linux-gnu/4.1.2/../../../../lib/libc.a)strtol_l.o
(/usr/lib/gcc/i486-linux-gnu/4.1.2/../../../../lib/libc.a)strtoul_l.o
(/usr/lib/gcc/i486-linux-gnu/4.1.2/../../../../lib/libc.a)strtoll_l.o
(/usr/lib/gcc/i486-linux-gnu/4.1.2/../../../../lib/libc.a)strtoull_l.o
(/usr/lib/gcc/i486-linux-gnu/4.1.2/../../../../lib/libc.a)strtod.o
(/usr/lib/gcc/i486-linux-gnu/4.1.2/../../../../lib/libc.a)strtod_l.o
(/usr/lib/gcc/i486-linux-gnu/4.1.2/../../../../lib/libc.a)system.o
(/usr/lib/gcc/i486-linux-gnu/4.1.2/../../../../lib/libc.a)canonicalize.o
(/usr/lib/gcc/i486-linux-gnu/4.1.2/../../../../lib/libc.a)xpg_basename.o
(/usr/lib/gcc/i486-linux-gnu/4.1.2/../../../../lib/libc.a)add_n.o
(/usr/lib/gcc/i486-linux-gnu/4.1.2/../../../../lib/libc.a)cmp.o
(/usr/lib/gcc/i486-linux-gnu/4.1.2/../../../../lib/libc.a)lshift.o
(/usr/lib/gcc/i486-linux-gnu/4.1.2/../../../../lib/libc.a)rshift.o
(/usr/lib/gcc/i486-linux-gnu/4.1.2/../../../../lib/libc.a)mul.o
(/usr/lib/gcc/i486-linux-gnu/4.1.2/../../../../lib/libc.a)mul_1.o
(/usr/lib/gcc/i486-linux-gnu/4.1.2/../../../../lib/libc.a)mul_n.o
(/usr/lib/gcc/i486-linux-gnu/4.1.2/../../../../lib/libc.a)sub_n.o
(/usr/lib/gcc/i486-linux-gnu/4.1.2/../../../../lib/libc.a)submul_1.o
(/usr/lib/gcc/i486-linux-gnu/4.1.2/../../../../lib/libc.a)mpn2dbl.o
(/usr/lib/gcc/i486-linux-gnu/4.1.2/../../../../lib/libc.a)grouping.o
(/usr/lib/gcc/i486-linux-gnu/4.1.2/../../../../lib/libc.a)fpioconst.o
(/usr/lib/gcc/i486-linux-gnu/4.1.2/../../../../lib/libc.a)asprintf.o
(/usr/lib/gcc/i486-linux-gnu/4.1.2/../../../../lib/libc.a)dprintf.o
(/usr/lib/gcc/i486-linux-gnu/4.1.2/../../../../lib/libc.a)fscanf.o
(/usr/lib/gcc/i486-linux-gnu/4.1.2/../../../../lib/libc.a)scanf.o
(/usr/lib/gcc/i486-linux-gnu/4.1.2/../../../../lib/libc.a)sscanf.o
(/usr/lib/gcc/i486-linux-gnu/4.1.2/../../../../lib/libc.a)perror.o
(/usr/lib/gcc/i486-linux-gnu/4.1.2/../../../../lib/libc.a)rename.o
(/usr/lib/gcc/i486-linux-gnu/4.1.2/../../../../lib/libc.a)fxprintf.o
(/usr/lib/gcc/i486-linux-gnu/4.1.2/../../../../lib/libc.a)iofclose.o
(/usr/lib/gcc/i486-linux-gnu/4.1.2/../../../../lib/libc.a)iofdopen.o
(/usr/lib/gcc/i486-linux-gnu/4.1.2/../../../../lib/libc.a)iofflush.o
(/usr/lib/gcc/i486-linux-gnu/4.1.2/../../../../lib/libc.a)iofgets.o
(/usr/lib/gcc/i486-linux-gnu/4.1.2/../../../../lib/libc.a)iofopen.o
(/usr/lib/gcc/i486-linux-gnu/4.1.2/../../../../lib/libc.a)iofputs.o
(/usr/lib/gcc/i486-linux-gnu/4.1.2/../../../../lib/libc.a)iofread.o
(/usr/lib/gcc/i486-linux-gnu/4.1.2/../../../../lib/libc.a)ioftell.o
(/usr/lib/gcc/i486-linux-gnu/4.1.2/../../../../lib/libc.a)iofwrite.o
(/usr/lib/gcc/i486-linux-gnu/4.1.2/../../../../lib/libc.a)iogetline.o
(/usr/lib/gcc/i486-linux-gnu/4.1.2/../../../../lib/libc.a)iopopen.o
(/usr/lib/gcc/i486-linux-gnu/4.1.2/../../../../lib/libc.a)ioputs.o
(/usr/lib/gcc/i486-linux-gnu/4.1.2/../../../../lib/libc.a)ioseekoff.o
(/usr/lib/gcc/i486-linux-gnu/4.1.2/../../../../lib/libc.a)iosetvbuf.o
(/usr/lib/gcc/i486-linux-gnu/4.1.2/../../../../lib/libc.a)ioungetc.o
(/usr/lib/gcc/i486-linux-gnu/4.1.2/../../../../lib/libc.a)iovsscanf.o
(/usr/lib/gcc/i486-linux-gnu/4.1.2/../../../../lib/libc.a)iofopen64.o
(/usr/lib/gcc/i486-linux-gnu/4.1.2/../../../../lib/libc.a)putchar.o
(/usr/lib/gcc/i486-linux-gnu/4.1.2/../../../../lib/libc.a)wgenops.o
(/usr/lib/gcc/i486-linux-gnu/4.1.2/../../../../lib/libc.a)wfileops.o
(/usr/lib/gcc/i486-linux-gnu/4.1.2/../../../../lib/libc.a)iofwide.o
(/usr/lib/gcc/i486-linux-gnu/4.1.2/../../../../lib/libc.a)clearerr.o
(/usr/lib/gcc/i486-linux-gnu/4.1.2/../../../../lib/libc.a)feof.o
(/usr/lib/gcc/i486-linux-gnu/4.1.2/../../../../lib/libc.a)ferror.o
(/usr/lib/gcc/i486-linux-gnu/4.1.2/../../../../lib/libc.a)fileno.o
(/usr/lib/gcc/i486-linux-gnu/4.1.2/../../../../lib/libc.a)fputc.o
(/usr/lib/gcc/i486-linux-gnu/4.1.2/../../../../lib/libc.a)fseek.o
(/usr/lib/gcc/i486-linux-gnu/4.1.2/../../../../lib/libc.a)getc.o
(/usr/lib/gcc/i486-linux-gnu/4.1.2/../../../../lib/libc.a)getchar.o
(/usr/lib/gcc/i486-linux-gnu/4.1.2/../../../../lib/libc.a)pclose.o
(/usr/lib/gcc/i486-linux-gnu/4.1.2/../../../../lib/libc.a)putc.o
(/usr/lib/gcc/i486-linux-gnu/4.1.2/../../../../lib/libc.a)rewind.o
(/usr/lib/gcc/i486-linux-gnu/4.1.2/../../../../lib/libc.a)setbuf.o
(/usr/lib/gcc/i486-linux-gnu/4.1.2/../../../../lib/libc.a)setlinebuf.o
(/usr/lib/gcc/i486-linux-gnu/4.1.2/../../../../lib/libc.a)vasprintf.o
(/usr/lib/gcc/i486-linux-gnu/4.1.2/../../../../lib/libc.a)iovdprintf.o
(/usr/lib/gcc/i486-linux-gnu/4.1.2/../../../../lib/libc.a)fcloseall.o
(/usr/lib/gcc/i486-linux-gnu/4.1.2/../../../../lib/libc.a)freopen64.o
(/usr/lib/gcc/i486-linux-gnu/4.1.2/../../../../lib/libc.a)ftello64.o
(/usr/lib/gcc/i486-linux-gnu/4.1.2/../../../../lib/libc.a)__fsetlocking.o
(/usr/lib/gcc/i486-linux-gnu/4.1.2/../../../../lib/libc.a)libc_fatal.o
(/usr/lib/gcc/i486-linux-gnu/4.1.2/../../../../lib/libc.a)iofgets_u.o
(/usr/lib/gcc/i486-linux-gnu/4.1.2/../../../../lib/libc.a)fileops.o
(/usr/lib/gcc/i486-linux-gnu/4.1.2/../../../../lib/libc.a)genops.o
(/usr/lib/gcc/i486-linux-gnu/4.1.2/../../../../lib/libc.a)stdfiles.o
(/usr/lib/gcc/i486-linux-gnu/4.1.2/../../../../lib/libc.a)stdio.o
(/usr/lib/gcc/i486-linux-gnu/4.1.2/../../../../lib/libc.a)strops.o
(/usr/lib/gcc/i486-linux-gnu/4.1.2/../../../../lib/libc.a)malloc.o
(/usr/lib/gcc/i486-linux-gnu/4.1.2/../../../../lib/libc.a)morecore.o
(/usr/lib/gcc/i486-linux-gnu/4.1.2/../../../../lib/libc.a)strcat.o
(/usr/lib/gcc/i486-linux-gnu/4.1.2/../../../../lib/libc.a)strchr.o
(/usr/lib/gcc/i486-linux-gnu/4.1.2/../../../../lib/libc.a)strcmp.o
(/usr/lib/gcc/i486-linux-gnu/4.1.2/../../../../lib/libc.a)strcoll.o
(/usr/lib/gcc/i486-linux-gnu/4.1.2/../../../../lib/libc.a)strcpy.o
(/usr/lib/gcc/i486-linux-gnu/4.1.2/../../../../lib/libc.a)strcspn.o
(/usr/lib/gcc/i486-linux-gnu/4.1.2/../../../../lib/libc.a)strdup.o
(/usr/lib/gcc/i486-linux-gnu/4.1.2/../../../../lib/libc.a)strndup.o
(/usr/lib/gcc/i486-linux-gnu/4.1.2/../../../../lib/libc.a)strerror.o
(/usr/lib/gcc/i486-linux-gnu/4.1.2/../../../../lib/libc.a)_strerror.o
(/usr/lib/gcc/i486-linux-gnu/4.1.2/../../../../lib/libc.a)strlen.o
(/usr/lib/gcc/i486-linux-gnu/4.1.2/../../../../lib/libc.a)strnlen.o
(/usr/lib/gcc/i486-linux-gnu/4.1.2/../../../../lib/libc.a)strncmp.o
(/usr/lib/gcc/i486-linux-gnu/4.1.2/../../../../lib/libc.a)strncpy.o
(/usr/lib/gcc/i486-linux-gnu/4.1.2/../../../../lib/libc.a)strrchr.o
(/usr/lib/gcc/i486-linux-gnu/4.1.2/../../../../lib/libc.a)strpbrk.o
(/usr/lib/gcc/i486-linux-gnu/4.1.2/../../../../lib/libc.a)strsignal.o
(/usr/lib/gcc/i486-linux-gnu/4.1.2/../../../../lib/libc.a)strspn.o
(/usr/lib/gcc/i486-linux-gnu/4.1.2/../../../../lib/libc.a)strstr.o
(/usr/lib/gcc/i486-linux-gnu/4.1.2/../../../../lib/libc.a)strtok.o
(/usr/lib/gcc/i486-linux-gnu/4.1.2/../../../../lib/libc.a)memchr.o
(/usr/lib/gcc/i486-linux-gnu/4.1.2/../../../../lib/libc.a)memcmp.o
(/usr/lib/gcc/i486-linux-gnu/4.1.2/../../../../lib/libc.a)memmove.o
(/usr/lib/gcc/i486-linux-gnu/4.1.2/../../../../lib/libc.a)memset.o
(/usr/lib/gcc/i486-linux-gnu/4.1.2/../../../../lib/libc.a)mempcpy.o
(/usr/lib/gcc/i486-linux-gnu/4.1.2/../../../../lib/libc.a)stpcpy.o
(/usr/lib/gcc/i486-linux-gnu/4.1.2/../../../../lib/libc.a)stpncpy.o
(/usr/lib/gcc/i486-linux-gnu/4.1.2/../../../../lib/libc.a)strcasecmp.o
(/usr/lib/gcc/i486-linux-gnu/4.1.2/../../../../lib/libc.a)strncase.o
(/usr/lib/gcc/i486-linux-gnu/4.1.2/../../../../lib/libc.a)strncase_l.o
(/usr/lib/gcc/i486-linux-gnu/4.1.2/../../../../lib/libc.a)memcpy.o
(/usr/lib/gcc/i486-linux-gnu/4.1.2/../../../../lib/libc.a)strsep.o
(/usr/lib/gcc/i486-linux-gnu/4.1.2/../../../../lib/libc.a)strcasestr.o
(/usr/lib/gcc/i486-linux-gnu/4.1.2/../../../../lib/libc.a)rawmemchr.o
(/usr/lib/gcc/i486-linux-gnu/4.1.2/../../../../lib/libc.a)strchrnul.o
(/usr/lib/gcc/i486-linux-gnu/4.1.2/../../../../lib/libc.a)argz-count.o
(/usr/lib/gcc/i486-linux-gnu/4.1.2/../../../../lib/libc.a)argz-ctsep.o
(/usr/lib/gcc/i486-linux-gnu/4.1.2/../../../../lib/libc.a)argz-stringify.o
(/usr/lib/gcc/i486-linux-gnu/4.1.2/../../../../lib/libc.a)argz-addsep.o
(/usr/lib/gcc/i486-linux-gnu/4.1.2/../../../../lib/libc.a)strcoll_l.o
(/usr/lib/gcc/i486-linux-gnu/4.1.2/../../../../lib/libc.a)memrchr.o
(/usr/lib/gcc/i486-linux-gnu/4.1.2/../../../../lib/libc.a)wmemcpy.o
(/usr/lib/gcc/i486-linux-gnu/4.1.2/../../../../lib/libc.a)wmemmove.o
(/usr/lib/gcc/i486-linux-gnu/4.1.2/../../../../lib/libc.a)wmempcpy.o
(/usr/lib/gcc/i486-linux-gnu/4.1.2/../../../../lib/libc.a)wcsmbsload.o
(/usr/lib/gcc/i486-linux-gnu/4.1.2/../../../../lib/libc.a)ctime.o
(/usr/lib/gcc/i486-linux-gnu/4.1.2/../../../../lib/libc.a)difftime.o
(/usr/lib/gcc/i486-linux-gnu/4.1.2/../../../../lib/libc.a)gmtime.o
(/usr/lib/gcc/i486-linux-gnu/4.1.2/../../../../lib/libc.a)localtime.o
(/usr/lib/gcc/i486-linux-gnu/4.1.2/../../../../lib/libc.a)mktime.o
(/usr/lib/gcc/i486-linux-gnu/4.1.2/../../../../lib/libc.a)time.o
(/usr/lib/gcc/i486-linux-gnu/4.1.2/../../../../lib/libc.a)gettimeofday.o
(/usr/lib/gcc/i486-linux-gnu/4.1.2/../../../../lib/libc.a)settimeofday.o
(/usr/lib/gcc/i486-linux-gnu/4.1.2/../../../../lib/libc.a)tzset.o
(/usr/lib/gcc/i486-linux-gnu/4.1.2/../../../../lib/libc.a)tzfile.o
(/usr/lib/gcc/i486-linux-gnu/4.1.2/../../../../lib/libc.a)stime.o
(/usr/lib/gcc/i486-linux-gnu/4.1.2/../../../../lib/libc.a)strptime.o
(/usr/lib/gcc/i486-linux-gnu/4.1.2/../../../../lib/libc.a)strptime_l.o
(/usr/lib/gcc/i486-linux-gnu/4.1.2/../../../../lib/libc.a)strftime.o
(/usr/lib/gcc/i486-linux-gnu/4.1.2/../../../../lib/libc.a)strftime_l.o
(/usr/lib/gcc/i486-linux-gnu/4.1.2/../../../../lib/libc.a)era.o
(/usr/lib/gcc/i486-linux-gnu/4.1.2/../../../../lib/libc.a)alt_digit.o
(/usr/lib/gcc/i486-linux-gnu/4.1.2/../../../../lib/libc.a)lc-time-cleanup.o
(/usr/lib/gcc/i486-linux-gnu/4.1.2/../../../../lib/libc.a)opendir.o
(/usr/lib/gcc/i486-linux-gnu/4.1.2/../../../../lib/libc.a)closedir.o
(/usr/lib/gcc/i486-linux-gnu/4.1.2/../../../../lib/libc.a)readdir64.o
(/usr/lib/gcc/i486-linux-gnu/4.1.2/../../../../lib/libc.a)setgroups.o
(/usr/lib/gcc/i486-linux-gnu/4.1.2/../../../../lib/libc.a)uname.o
(/usr/lib/gcc/i486-linux-gnu/4.1.2/../../../../lib/libc.a)times.o
(/usr/lib/gcc/i486-linux-gnu/4.1.2/../../../../lib/libc.a)wait.o
(/usr/lib/gcc/i486-linux-gnu/4.1.2/../../../../lib/libc.a)waitpid.o
(/usr/lib/gcc/i486-linux-gnu/4.1.2/../../../../lib/libc.a)wait3.o
(/usr/lib/gcc/i486-linux-gnu/4.1.2/../../../../lib/libc.a)wait4.o
(/usr/lib/gcc/i486-linux-gnu/4.1.2/../../../../lib/libc.a)alarm.o
(/usr/lib/gcc/i486-linux-gnu/4.1.2/../../../../lib/libc.a)sleep.o
(/usr/lib/gcc/i486-linux-gnu/4.1.2/../../../../lib/libc.a)pause.o
(/usr/lib/gcc/i486-linux-gnu/4.1.2/../../../../lib/libc.a)nanosleep.o
(/usr/lib/gcc/i486-linux-gnu/4.1.2/../../../../lib/libc.a)fork.o
(/usr/lib/gcc/i486-linux-gnu/4.1.2/../../../../lib/libc.a)vfork.o
(/usr/lib/gcc/i486-linux-gnu/4.1.2/../../../../lib/libc.a)_exit.o
(/usr/lib/gcc/i486-linux-gnu/4.1.2/../../../../lib/libc.a)execve.o
(/usr/lib/gcc/i486-linux-gnu/4.1.2/../../../../lib/libc.a)execv.o
(/usr/lib/gcc/i486-linux-gnu/4.1.2/../../../../lib/libc.a)execle.o
(/usr/lib/gcc/i486-linux-gnu/4.1.2/../../../../lib/libc.a)execl.o
(/usr/lib/gcc/i486-linux-gnu/4.1.2/../../../../lib/libc.a)execvp.o
(/usr/lib/gcc/i486-linux-gnu/4.1.2/../../../../lib/libc.a)execlp.o
(/usr/lib/gcc/i486-linux-gnu/4.1.2/../../../../lib/libc.a)getpid.o
(/usr/lib/gcc/i486-linux-gnu/4.1.2/../../../../lib/libc.a)getppid.o
(/usr/lib/gcc/i486-linux-gnu/4.1.2/../../../../lib/libc.a)getuid.o
(/usr/lib/gcc/i486-linux-gnu/4.1.2/../../../../lib/libc.a)geteuid.o
(/usr/lib/gcc/i486-linux-gnu/4.1.2/../../../../lib/libc.a)getgid.o
(/usr/lib/gcc/i486-linux-gnu/4.1.2/../../../../lib/libc.a)getegid.o
(/usr/lib/gcc/i486-linux-gnu/4.1.2/../../../../lib/libc.a)getgroups.o
(/usr/lib/gcc/i486-linux-gnu/4.1.2/../../../../lib/libc.a)setuid.o
(/usr/lib/gcc/i486-linux-gnu/4.1.2/../../../../lib/libc.a)setgid.o
(/usr/lib/gcc/i486-linux-gnu/4.1.2/../../../../lib/libc.a)setpgid.o
(/usr/lib/gcc/i486-linux-gnu/4.1.2/../../../../lib/libc.a)getpgrp.o
(/usr/lib/gcc/i486-linux-gnu/4.1.2/../../../../lib/libc.a)getsid.o
(/usr/lib/gcc/i486-linux-gnu/4.1.2/../../../../lib/libc.a)setsid.o
(/usr/lib/gcc/i486-linux-gnu/4.1.2/../../../../lib/libc.a)setresuid.o
(/usr/lib/gcc/i486-linux-gnu/4.1.2/../../../../lib/libc.a)setresgid.o
(/usr/lib/gcc/i486-linux-gnu/4.1.2/../../../../lib/libc.a)getlogin.o
(/usr/lib/gcc/i486-linux-gnu/4.1.2/../../../../lib/libc.a)getlogin_r.o
(/usr/lib/gcc/i486-linux-gnu/4.1.2/../../../../lib/libc.a)sysconf.o
(/usr/lib/gcc/i486-linux-gnu/4.1.2/../../../../lib/libc.a)fnmatch.o
(/usr/lib/gcc/i486-linux-gnu/4.1.2/../../../../lib/libc.a)regex.o
(/usr/lib/gcc/i486-linux-gnu/4.1.2/../../../../lib/libc.a)confstr.o
(/usr/lib/gcc/i486-linux-gnu/4.1.2/../../../../lib/libc.a)getopt.o
(/usr/lib/gcc/i486-linux-gnu/4.1.2/../../../../lib/libc.a)getopt1.o
(/usr/lib/gcc/i486-linux-gnu/4.1.2/../../../../lib/libc.a)sched_getp.o
(/usr/lib/gcc/i486-linux-gnu/4.1.2/../../../../lib/libc.a)sched_sets.o
(/usr/lib/gcc/i486-linux-gnu/4.1.2/../../../../lib/libc.a)sched_gets.o
(/usr/lib/gcc/i486-linux-gnu/4.1.2/../../../../lib/libc.a)sched_yield.o
(/usr/lib/gcc/i486-linux-gnu/4.1.2/../../../../lib/libc.a)sched_primax.o
(/usr/lib/gcc/i486-linux-gnu/4.1.2/../../../../lib/libc.a)sched_primin.o
(/usr/lib/gcc/i486-linux-gnu/4.1.2/../../../../lib/libc.a)sched_getaffinity.o
(/usr/lib/gcc/i486-linux-gnu/4.1.2/../../../../lib/libc.a)sched_setaffinity.o
(/usr/lib/gcc/i486-linux-gnu/4.1.2/../../../../lib/libc.a)getaddrinfo.o
(/usr/lib/gcc/i486-linux-gnu/4.1.2/../../../../lib/libc.a)environ.o
(/usr/lib/gcc/i486-linux-gnu/4.1.2/../../../../lib/libc.a)exit-thread.o
(/usr/lib/gcc/i486-linux-gnu/4.1.2/../../../../lib/libc.a)utime.o
(/usr/lib/gcc/i486-linux-gnu/4.1.2/../../../../lib/libc.a)mkfifo.o
(/usr/lib/gcc/i486-linux-gnu/4.1.2/../../../../lib/libc.a)stat64.o
(/usr/lib/gcc/i486-linux-gnu/4.1.2/../../../../lib/libc.a)lstat64.o
(/usr/lib/gcc/i486-linux-gnu/4.1.2/../../../../lib/libc.a)xstat64.o
(/usr/lib/gcc/i486-linux-gnu/4.1.2/../../../../lib/libc.a)fxstat64.o
(/usr/lib/gcc/i486-linux-gnu/4.1.2/../../../../lib/libc.a)lxstat64.o
(/usr/lib/gcc/i486-linux-gnu/4.1.2/../../../../lib/libc.a)xmknod.o
(/usr/lib/gcc/i486-linux-gnu/4.1.2/../../../../lib/libc.a)statfs64.o
(/usr/lib/gcc/i486-linux-gnu/4.1.2/../../../../lib/libc.a)umask.o
(/usr/lib/gcc/i486-linux-gnu/4.1.2/../../../../lib/libc.a)chmod.o
(/usr/lib/gcc/i486-linux-gnu/4.1.2/../../../../lib/libc.a)fchmod.o
(/usr/lib/gcc/i486-linux-gnu/4.1.2/../../../../lib/libc.a)mkdir.o
(/usr/lib/gcc/i486-linux-gnu/4.1.2/../../../../lib/libc.a)open.o
(/usr/lib/gcc/i486-linux-gnu/4.1.2/../../../../lib/libc.a)open64.o
(/usr/lib/gcc/i486-linux-gnu/4.1.2/../../../../lib/libc.a)close.o
(/usr/lib/gcc/i486-linux-gnu/4.1.2/../../../../lib/libc.a)read.o
(/usr/lib/gcc/i486-linux-gnu/4.1.2/../../../../lib/libc.a)write.o
(/usr/lib/gcc/i486-linux-gnu/4.1.2/../../../../lib/libc.a)access.o
(/usr/lib/gcc/i486-linux-gnu/4.1.2/../../../../lib/libc.a)fcntl.o
(/usr/lib/gcc/i486-linux-gnu/4.1.2/../../../../lib/libc.a)flock.o
(/usr/lib/gcc/i486-linux-gnu/4.1.2/../../../../lib/libc.a)dup.o
(/usr/lib/gcc/i486-linux-gnu/4.1.2/../../../../lib/libc.a)dup2.o
(/usr/lib/gcc/i486-linux-gnu/4.1.2/../../../../lib/libc.a)pipe.o
(/usr/lib/gcc/i486-linux-gnu/4.1.2/../../../../lib/libc.a)creat64.o
(/usr/lib/gcc/i486-linux-gnu/4.1.2/../../../../lib/libc.a)chdir.o
(/usr/lib/gcc/i486-linux-gnu/4.1.2/../../../../lib/libc.a)fchdir.o
(/usr/lib/gcc/i486-linux-gnu/4.1.2/../../../../lib/libc.a)getcwd.o
(/usr/lib/gcc/i486-linux-gnu/4.1.2/../../../../lib/libc.a)chown.o
(/usr/lib/gcc/i486-linux-gnu/4.1.2/../../../../lib/libc.a)fchown.o
(/usr/lib/gcc/i486-linux-gnu/4.1.2/../../../../lib/libc.a)lchown.o
(/usr/lib/gcc/i486-linux-gnu/4.1.2/../../../../lib/libc.a)ttyname.o
(/usr/lib/gcc/i486-linux-gnu/4.1.2/../../../../lib/libc.a)ttyname_r.o
(/usr/lib/gcc/i486-linux-gnu/4.1.2/../../../../lib/libc.a)isatty.o
(/usr/lib/gcc/i486-linux-gnu/4.1.2/../../../../lib/libc.a)link.o
(/usr/lib/gcc/i486-linux-gnu/4.1.2/../../../../lib/libc.a)symlink.o
(/usr/lib/gcc/i486-linux-gnu/4.1.2/../../../../lib/libc.a)readlink.o
(/usr/lib/gcc/i486-linux-gnu/4.1.2/../../../../lib/libc.a)unlink.o
(/usr/lib/gcc/i486-linux-gnu/4.1.2/../../../../lib/libc.a)rmdir.o
(/usr/lib/gcc/i486-linux-gnu/4.1.2/../../../../lib/libc.a)poll.o
(/usr/lib/gcc/i486-linux-gnu/4.1.2/../../../../lib/libc.a)sendfile64.o
(/usr/lib/gcc/i486-linux-gnu/4.1.2/../../../../lib/libc.a)speed.o
(/usr/lib/gcc/i486-linux-gnu/4.1.2/../../../../lib/libc.a)cfsetspeed.o
(/usr/lib/gcc/i486-linux-gnu/4.1.2/../../../../lib/libc.a)tcsetattr.o
(/usr/lib/gcc/i486-linux-gnu/4.1.2/../../../../lib/libc.a)tcgetattr.o
(/usr/lib/gcc/i486-linux-gnu/4.1.2/../../../../lib/libc.a)tcgetpgrp.o
(/usr/lib/gcc/i486-linux-gnu/4.1.2/../../../../lib/libc.a)tcsetpgrp.o
(/usr/lib/gcc/i486-linux-gnu/4.1.2/../../../../lib/libc.a)tcflush.o
(/usr/lib/gcc/i486-linux-gnu/4.1.2/../../../../lib/libc.a)tcsendbrk.o
(/usr/lib/gcc/i486-linux-gnu/4.1.2/../../../../lib/libc.a)cfmakeraw.o
(/usr/lib/gcc/i486-linux-gnu/4.1.2/../../../../lib/libc.a)getrlimit64.o
(/usr/lib/gcc/i486-linux-gnu/4.1.2/../../../../lib/libc.a)setrlimit64.o
(/usr/lib/gcc/i486-linux-gnu/4.1.2/../../../../lib/libc.a)getpriority.o
(/usr/lib/gcc/i486-linux-gnu/4.1.2/../../../../lib/libc.a)setpriority.o
(/usr/lib/gcc/i486-linux-gnu/4.1.2/../../../../lib/libc.a)nice.o
(/usr/lib/gcc/i486-linux-gnu/4.1.2/../../../../lib/libc.a)sbrk.o
(/usr/lib/gcc/i486-linux-gnu/4.1.2/../../../../lib/libc.a)ioctl.o
(/usr/lib/gcc/i486-linux-gnu/4.1.2/../../../../lib/libc.a)getpagesize.o
(/usr/lib/gcc/i486-linux-gnu/4.1.2/../../../../lib/libc.a)getdtsz.o
(/usr/lib/gcc/i486-linux-gnu/4.1.2/../../../../lib/libc.a)sethostname.o
(/usr/lib/gcc/i486-linux-gnu/4.1.2/../../../../lib/libc.a)getdomain.o
(/usr/lib/gcc/i486-linux-gnu/4.1.2/../../../../lib/libc.a)select.o
(/usr/lib/gcc/i486-linux-gnu/4.1.2/../../../../lib/libc.a)chroot.o
(/usr/lib/gcc/i486-linux-gnu/4.1.2/../../../../lib/libc.a)fsync.o
(/usr/lib/gcc/i486-linux-gnu/4.1.2/../../../../lib/libc.a)sync.o
(/usr/lib/gcc/i486-linux-gnu/4.1.2/../../../../lib/libc.a)reboot.o
(/usr/lib/gcc/i486-linux-gnu/4.1.2/../../../../lib/libc.a)gethostid.o
(/usr/lib/gcc/i486-linux-gnu/4.1.2/../../../../lib/libc.a)swapon.o
(/usr/lib/gcc/i486-linux-gnu/4.1.2/../../../../lib/libc.a)swapoff.o
(/usr/lib/gcc/i486-linux-gnu/4.1.2/../../../../lib/libc.a)mkstemp64.o
(/usr/lib/gcc/i486-linux-gnu/4.1.2/../../../../lib/libc.a)mkdtemp.o
(/usr/lib/gcc/i486-linux-gnu/4.1.2/../../../../lib/libc.a)usleep.o
(/usr/lib/gcc/i486-linux-gnu/4.1.2/../../../../lib/libc.a)mntent.o
(/usr/lib/gcc/i486-linux-gnu/4.1.2/../../../../lib/libc.a)mntent_r.o
(/usr/lib/gcc/i486-linux-gnu/4.1.2/../../../../lib/libc.a)ftruncate64.o
(/usr/lib/gcc/i486-linux-gnu/4.1.2/../../../../lib/libc.a)getusershell.o
(/usr/lib/gcc/i486-linux-gnu/4.1.2/../../../../lib/libc.a)syslog.o
(/usr/lib/gcc/i486-linux-gnu/4.1.2/../../../../lib/libc.a)syscall.o
(/usr/lib/gcc/i486-linux-gnu/4.1.2/../../../../lib/libc.a)mmap.o
(/usr/lib/gcc/i486-linux-gnu/4.1.2/../../../../lib/libc.a)mmap64.o
(/usr/lib/gcc/i486-linux-gnu/4.1.2/../../../../lib/libc.a)munmap.o
(/usr/lib/gcc/i486-linux-gnu/4.1.2/../../../../lib/libc.a)mprotect.o
(/usr/lib/gcc/i486-linux-gnu/4.1.2/../../../../lib/libc.a)mlock.o
(/usr/lib/gcc/i486-linux-gnu/4.1.2/../../../../lib/libc.a)munlock.o
(/usr/lib/gcc/i486-linux-gnu/4.1.2/../../../../lib/libc.a)tsearch.o
(/usr/lib/gcc/i486-linux-gnu/4.1.2/../../../../lib/libc.a)getsysstats.o
(/usr/lib/gcc/i486-linux-gnu/4.1.2/../../../../lib/libc.a)dirname.o
(/usr/lib/gcc/i486-linux-gnu/4.1.2/../../../../lib/libc.a)getclktck.o
(/usr/lib/gcc/i486-linux-gnu/4.1.2/../../../../lib/libc.a)init-misc.o
(/usr/lib/gcc/i486-linux-gnu/4.1.2/../../../../lib/libc.a)llseek.o
(/usr/lib/gcc/i486-linux-gnu/4.1.2/../../../../lib/libc.a)umount.o
(/usr/lib/gcc/i486-linux-gnu/4.1.2/../../../../lib/libc.a)umount2.o
(/usr/lib/gcc/i486-linux-gnu/4.1.2/../../../../lib/libc.a)readahead.o
(/usr/lib/gcc/i486-linux-gnu/4.1.2/../../../../lib/libc.a)adjtimex.o
(/usr/lib/gcc/i486-linux-gnu/4.1.2/../../../../lib/libc.a)create_module.o
(/usr/lib/gcc/i486-linux-gnu/4.1.2/../../../../lib/libc.a)delete_module.o
(/usr/lib/gcc/i486-linux-gnu/4.1.2/../../../../lib/libc.a)init_module.o
(/usr/lib/gcc/i486-linux-gnu/4.1.2/../../../../lib/libc.a)klogctl.o
(/usr/lib/gcc/i486-linux-gnu/4.1.2/../../../../lib/libc.a)mount.o
(/usr/lib/gcc/i486-linux-gnu/4.1.2/../../../../lib/libc.a)mremap.o
(/usr/lib/gcc/i486-linux-gnu/4.1.2/../../../../lib/libc.a)personality.o
(/usr/lib/gcc/i486-linux-gnu/4.1.2/../../../../lib/libc.a)pivot_root.o
(/usr/lib/gcc/i486-linux-gnu/4.1.2/../../../../lib/libc.a)query_module.o
(/usr/lib/gcc/i486-linux-gnu/4.1.2/../../../../lib/libc.a)sysinfo.o
(/usr/lib/gcc/i486-linux-gnu/4.1.2/../../../../lib/libc.a)accept.o
(/usr/lib/gcc/i486-linux-gnu/4.1.2/../../../../lib/libc.a)bind.o
(/usr/lib/gcc/i486-linux-gnu/4.1.2/../../../../lib/libc.a)connect.o
(/usr/lib/gcc/i486-linux-gnu/4.1.2/../../../../lib/libc.a)getpeername.o
(/usr/lib/gcc/i486-linux-gnu/4.1.2/../../../../lib/libc.a)getsockname.o
(/usr/lib/gcc/i486-linux-gnu/4.1.2/../../../../lib/libc.a)getsockopt.o
(/usr/lib/gcc/i486-linux-gnu/4.1.2/../../../../lib/libc.a)listen.o
(/usr/lib/gcc/i486-linux-gnu/4.1.2/../../../../lib/libc.a)recv.o
(/usr/lib/gcc/i486-linux-gnu/4.1.2/../../../../lib/libc.a)recvfrom.o
(/usr/lib/gcc/i486-linux-gnu/4.1.2/../../../../lib/libc.a)recvmsg.o
(/usr/lib/gcc/i486-linux-gnu/4.1.2/../../../../lib/libc.a)send.o
(/usr/lib/gcc/i486-linux-gnu/4.1.2/../../../../lib/libc.a)sendmsg.o
(/usr/lib/gcc/i486-linux-gnu/4.1.2/../../../../lib/libc.a)sendto.o
(/usr/lib/gcc/i486-linux-gnu/4.1.2/../../../../lib/libc.a)setsockopt.o
(/usr/lib/gcc/i486-linux-gnu/4.1.2/../../../../lib/libc.a)shutdown.o
(/usr/lib/gcc/i486-linux-gnu/4.1.2/../../../../lib/libc.a)socket.o
(/usr/lib/gcc/i486-linux-gnu/4.1.2/../../../../lib/libc.a)cmsg_nxthdr.o
(/usr/lib/gcc/i486-linux-gnu/4.1.2/../../../../lib/libc.a)msgget.o
(/usr/lib/gcc/i486-linux-gnu/4.1.2/../../../../lib/libc.a)msgctl.o
(/usr/lib/gcc/i486-linux-gnu/4.1.2/../../../../lib/libc.a)semop.o
(/usr/lib/gcc/i486-linux-gnu/4.1.2/../../../../lib/libc.a)semget.o
(/usr/lib/gcc/i486-linux-gnu/4.1.2/../../../../lib/libc.a)semctl.o
(/usr/lib/gcc/i486-linux-gnu/4.1.2/../../../../lib/libc.a)shmat.o
(/usr/lib/gcc/i486-linux-gnu/4.1.2/../../../../lib/libc.a)shmdt.o
(/usr/lib/gcc/i486-linux-gnu/4.1.2/../../../../lib/libc.a)shmget.o
(/usr/lib/gcc/i486-linux-gnu/4.1.2/../../../../lib/libc.a)shmctl.o
(/usr/lib/gcc/i486-linux-gnu/4.1.2/../../../../lib/libc.a)wcfuncs.o
(/usr/lib/gcc/i486-linux-gnu/4.1.2/../../../../lib/libc.a)wctype.o
(/usr/lib/gcc/i486-linux-gnu/4.1.2/../../../../lib/libc.a)iswctype.o
(/usr/lib/gcc/i486-linux-gnu/4.1.2/../../../../lib/libc.a)alloca_cutoff.o
(/usr/lib/gcc/i486-linux-gnu/4.1.2/../../../../lib/libc.a)libc-lowlevellock.o
(/usr/lib/gcc/i486-linux-gnu/4.1.2/../../../../lib/libc.a)libc-cancellation.o
(/usr/lib/gcc/i486-linux-gnu/4.1.2/../../../../lib/libc.a)register-atfork.o
(/usr/lib/gcc/i486-linux-gnu/4.1.2/../../../../lib/libc.a)herror.o
(/usr/lib/gcc/i486-linux-gnu/4.1.2/../../../../lib/libc.a)inet_addr.o
(/usr/lib/gcc/i486-linux-gnu/4.1.2/../../../../lib/libc.a)inet_ntop.o
(/usr/lib/gcc/i486-linux-gnu/4.1.2/../../../../lib/libc.a)inet_pton.o
(/usr/lib/gcc/i486-linux-gnu/4.1.2/../../../../lib/libc.a)res_libc.o
(/usr/lib/gcc/i486-linux-gnu/4.1.2/../../../../lib/libc.a)res-state.o
(/usr/lib/gcc/i486-linux-gnu/4.1.2/../../../../lib/libc.a)nsswitch.o
(/usr/lib/gcc/i486-linux-gnu/4.1.2/../../../../lib/libc.a)hosts-lookup.o
(/usr/lib/gcc/i486-linux-gnu/4.1.2/../../../../lib/libc.a)backtrace.o
(/usr/lib/gcc/i486-linux-gnu/4.1.2/../../../../lib/libc.a)backtracesymsfd.o
(/usr/lib/gcc/i486-linux-gnu/4.1.2/../../../../lib/libc.a)memcpy_chk.o
(/usr/lib/gcc/i486-linux-gnu/4.1.2/../../../../lib/libc.a)memmove_chk.o
(/usr/lib/gcc/i486-linux-gnu/4.1.2/../../../../lib/libc.a)memset_chk.o
(/usr/lib/gcc/i486-linux-gnu/4.1.2/../../../../lib/libc.a)strcat_chk.o
(/usr/lib/gcc/i486-linux-gnu/4.1.2/../../../../lib/libc.a)strcpy_chk.o
(/usr/lib/gcc/i486-linux-gnu/4.1.2/../../../../lib/libc.a)strncat_chk.o
(/usr/lib/gcc/i486-linux-gnu/4.1.2/../../../../lib/libc.a)sprintf_chk.o
(/usr/lib/gcc/i486-linux-gnu/4.1.2/../../../../lib/libc.a)vsprintf_chk.o
(/usr/lib/gcc/i486-linux-gnu/4.1.2/../../../../lib/libc.a)snprintf_chk.o
(/usr/lib/gcc/i486-linux-gnu/4.1.2/../../../../lib/libc.a)vsnprintf_chk.o
(/usr/lib/gcc/i486-linux-gnu/4.1.2/../../../../lib/libc.a)printf_chk.o
(/usr/lib/gcc/i486-linux-gnu/4.1.2/../../../../lib/libc.a)fprintf_chk.o
(/usr/lib/gcc/i486-linux-gnu/4.1.2/../../../../lib/libc.a)vprintf_chk.o
(/usr/lib/gcc/i486-linux-gnu/4.1.2/../../../../lib/libc.a)vfprintf_chk.o
(/usr/lib/gcc/i486-linux-gnu/4.1.2/../../../../lib/libc.a)chk_fail.o
(/usr/lib/gcc/i486-linux-gnu/4.1.2/../../../../lib/libc.a)realpath_chk.o
(/usr/lib/gcc/i486-linux-gnu/4.1.2/../../../../lib/libc.a)stack_chk_fail.o
(/usr/lib/gcc/i486-linux-gnu/4.1.2/../../../../lib/libc.a)idn-stub.o
(/usr/lib/gcc/i486-linux-gnu/4.1.2/../../../../lib/libc.a)inet_ntoa.o
(/usr/lib/gcc/i486-linux-gnu/4.1.2/../../../../lib/libc.a)herrno.o
(/usr/lib/gcc/i486-linux-gnu/4.1.2/../../../../lib/libc.a)herrno-loc.o
(/usr/lib/gcc/i486-linux-gnu/4.1.2/../../../../lib/libc.a)gethstbyad.o
(/usr/lib/gcc/i486-linux-gnu/4.1.2/../../../../lib/libc.a)gethstbyad_r.o
(/usr/lib/gcc/i486-linux-gnu/4.1.2/../../../../lib/libc.a)gethstbynm.o
(/usr/lib/gcc/i486-linux-gnu/4.1.2/../../../../lib/libc.a)gethstbynm2_r.o
(/usr/lib/gcc/i486-linux-gnu/4.1.2/../../../../lib/libc.a)gethstbynm_r.o
(/usr/lib/gcc/i486-linux-gnu/4.1.2/../../../../lib/libc.a)getsrvbynm.o
(/usr/lib/gcc/i486-linux-gnu/4.1.2/../../../../lib/libc.a)getsrvbynm_r.o
(/usr/lib/gcc/i486-linux-gnu/4.1.2/../../../../lib/libc.a)getsrvbypt.o
(/usr/lib/gcc/i486-linux-gnu/4.1.2/../../../../lib/libc.a)getsrvbypt_r.o
(/usr/lib/gcc/i486-linux-gnu/4.1.2/../../../../lib/libc.a)ether_aton.o
(/usr/lib/gcc/i486-linux-gnu/4.1.2/../../../../lib/libc.a)ether_aton_r.o
(/usr/lib/gcc/i486-linux-gnu/4.1.2/../../../../lib/libc.a)ether_hton.o
(/usr/lib/gcc/i486-linux-gnu/4.1.2/../../../../lib/libc.a)ether_ntoa.o
(/usr/lib/gcc/i486-linux-gnu/4.1.2/../../../../lib/libc.a)ether_ntoa_r.o
(/usr/lib/gcc/i486-linux-gnu/4.1.2/../../../../lib/libc.a)in6_addr.o
(/usr/lib/gcc/i486-linux-gnu/4.1.2/../../../../lib/libc.a)getnameinfo.o
(/usr/lib/gcc/i486-linux-gnu/4.1.2/../../../../lib/libc.a)if_index.o
(/usr/lib/gcc/i486-linux-gnu/4.1.2/../../../../lib/libc.a)ifaddrs.o
(/usr/lib/gcc/i486-linux-gnu/4.1.2/../../../../lib/libc.a)check_pf.o
(/usr/lib/gcc/i486-linux-gnu/4.1.2/../../../../lib/libc.a)auth_unix.o
(/usr/lib/gcc/i486-linux-gnu/4.1.2/../../../../lib/libc.a)authuxprot.o
(/usr/lib/gcc/i486-linux-gnu/4.1.2/../../../../lib/libc.a)bindrsvprt.o
(/usr/lib/gcc/i486-linux-gnu/4.1.2/../../../../lib/libc.a)clnt_perr.o
(/usr/lib/gcc/i486-linux-gnu/4.1.2/../../../../lib/libc.a)clnt_tcp.o
(/usr/lib/gcc/i486-linux-gnu/4.1.2/../../../../lib/libc.a)clnt_udp.o
(/usr/lib/gcc/i486-linux-gnu/4.1.2/../../../../lib/libc.a)pm_getmaps.o
(/usr/lib/gcc/i486-linux-gnu/4.1.2/../../../../lib/libc.a)pm_getport.o
(/usr/lib/gcc/i486-linux-gnu/4.1.2/../../../../lib/libc.a)pmap_prot.o
(/usr/lib/gcc/i486-linux-gnu/4.1.2/../../../../lib/libc.a)pmap_prot2.o
(/usr/lib/gcc/i486-linux-gnu/4.1.2/../../../../lib/libc.a)rpc_prot.o
(/usr/lib/gcc/i486-linux-gnu/4.1.2/../../../../lib/libc.a)rpc_common.o
(/usr/lib/gcc/i486-linux-gnu/4.1.2/../../../../lib/libc.a)rpc_thread.o
(/usr/lib/gcc/i486-linux-gnu/4.1.2/../../../../lib/libc.a)svc.o
(/usr/lib/gcc/i486-linux-gnu/4.1.2/../../../../lib/libc.a)svc_auth.o
(/usr/lib/gcc/i486-linux-gnu/4.1.2/../../../../lib/libc.a)svc_authux.o
(/usr/lib/gcc/i486-linux-gnu/4.1.2/../../../../lib/libc.a)xdr.o
(/usr/lib/gcc/i486-linux-gnu/4.1.2/../../../../lib/libc.a)xdr_array.o
(/usr/lib/gcc/i486-linux-gnu/4.1.2/../../../../lib/libc.a)xdr_mem.o
(/usr/lib/gcc/i486-linux-gnu/4.1.2/../../../../lib/libc.a)xdr_rec.o
(/usr/lib/gcc/i486-linux-gnu/4.1.2/../../../../lib/libc.a)xdr_ref.o
(/usr/lib/gcc/i486-linux-gnu/4.1.2/../../../../lib/libc.a)key_call.o
(/usr/lib/gcc/i486-linux-gnu/4.1.2/../../../../lib/libc.a)key_prot.o
(/usr/lib/gcc/i486-linux-gnu/4.1.2/../../../../lib/libc.a)svcauth_des.o
(/usr/lib/gcc/i486-linux-gnu/4.1.2/../../../../lib/libc.a)create_xid.o
(/usr/lib/gcc/i486-linux-gnu/4.1.2/../../../../lib/libc.a)nscd_getpw_r.o
(/usr/lib/gcc/i486-linux-gnu/4.1.2/../../../../lib/libc.a)nscd_getgr_r.o
(/usr/lib/gcc/i486-linux-gnu/4.1.2/../../../../lib/libc.a)nscd_gethst_r.o
(/usr/lib/gcc/i486-linux-gnu/4.1.2/../../../../lib/libc.a)nscd_getai.o
(/usr/lib/gcc/i486-linux-gnu/4.1.2/../../../../lib/libc.a)nscd_helper.o
(/usr/lib/gcc/i486-linux-gnu/4.1.2/../../../../lib/libc.a)getutent.o
(/usr/lib/gcc/i486-linux-gnu/4.1.2/../../../../lib/libc.a)getutent_r.o
(/usr/lib/gcc/i486-linux-gnu/4.1.2/../../../../lib/libc.a)getutline_r.o
(/usr/lib/gcc/i486-linux-gnu/4.1.2/../../../../lib/libc.a)utmp_file.o
(/usr/lib/gcc/i486-linux-gnu/4.1.2/../../../../lib/libc.a)utmpname.o
(/usr/lib/gcc/i486-linux-gnu/4.1.2/../../../../lib/libc.a)updwtmp.o
(/usr/lib/gcc/i486-linux-gnu/4.1.2/../../../../lib/libc.a)grantpt.o
(/usr/lib/gcc/i486-linux-gnu/4.1.2/../../../../lib/libc.a)unlockpt.o
(/usr/lib/gcc/i486-linux-gnu/4.1.2/../../../../lib/libc.a)ptsname.o
(/usr/lib/gcc/i486-linux-gnu/4.1.2/../../../../lib/libc.a)dl-support.o
(/usr/lib/gcc/i486-linux-gnu/4.1.2/../../../../lib/libc.a)dl-addr.o
(/usr/lib/gcc/i486-linux-gnu/4.1.2/../../../../lib/libc.a)enbl-secure.o
(/usr/lib/gcc/i486-linux-gnu/4.1.2/../../../../lib/libc.a)dl-profstub.o
(/usr/lib/gcc/i486-linux-gnu/4.1.2/../../../../lib/libc.a)dl-libc.o
(/usr/lib/gcc/i486-linux-gnu/4.1.2/../../../../lib/libc.a)init-first.o
(/usr/lib/gcc/i486-linux-gnu/4.1.2/../../../../lib/libc.a)sysdep.o
(/usr/lib/gcc/i486-linux-gnu/4.1.2/../../../../lib/libc.a)gconv_open.o
(/usr/lib/gcc/i486-linux-gnu/4.1.2/../../../../lib/libc.a)gconv.o
(/usr/lib/gcc/i486-linux-gnu/4.1.2/../../../../lib/libc.a)gconv_close.o
(/usr/lib/gcc/i486-linux-gnu/4.1.2/../../../../lib/libc.a)gconv_db.o
(/usr/lib/gcc/i486-linux-gnu/4.1.2/../../../../lib/libc.a)gconv_conf.o
(/usr/lib/gcc/i486-linux-gnu/4.1.2/../../../../lib/libc.a)gconv_builtin.o
(/usr/lib/gcc/i486-linux-gnu/4.1.2/../../../../lib/libc.a)gconv_simple.o
(/usr/lib/gcc/i486-linux-gnu/4.1.2/../../../../lib/libc.a)gconv_trans.o
(/usr/lib/gcc/i486-linux-gnu/4.1.2/../../../../lib/libc.a)gconv_cache.o
(/usr/lib/gcc/i486-linux-gnu/4.1.2/../../../../lib/libc.a)gconv_dl.o
(/usr/lib/gcc/i486-linux-gnu/4.1.2/../../../../lib/libc.a)lc-ctype.o
(/usr/lib/gcc/i486-linux-gnu/4.1.2/../../../../lib/libc.a)lc-collate.o
(/usr/lib/gcc/i486-linux-gnu/4.1.2/../../../../lib/libc.a)C-ctype.o
(/usr/lib/gcc/i486-linux-gnu/4.1.2/../../../../lib/libc.a)C-messages.o
(/usr/lib/gcc/i486-linux-gnu/4.1.2/../../../../lib/libc.a)C-monetary.o
(/usr/lib/gcc/i486-linux-gnu/4.1.2/../../../../lib/libc.a)C-numeric.o
(/usr/lib/gcc/i486-linux-gnu/4.1.2/../../../../lib/libc.a)C-time.o
(/usr/lib/gcc/i486-linux-gnu/4.1.2/../../../../lib/libc.a)C-paper.o
(/usr/lib/gcc/i486-linux-gnu/4.1.2/../../../../lib/libc.a)C-name.o
(/usr/lib/gcc/i486-linux-gnu/4.1.2/../../../../lib/libc.a)C-address.o
(/usr/lib/gcc/i486-linux-gnu/4.1.2/../../../../lib/libc.a)C-telephone.o
(/usr/lib/gcc/i486-linux-gnu/4.1.2/../../../../lib/libc.a)C-measurement.o
(/usr/lib/gcc/i486-linux-gnu/4.1.2/../../../../lib/libc.a)C-identification.o
(/usr/lib/gcc/i486-linux-gnu/4.1.2/../../../../lib/libc.a)C-collate.o
(/usr/lib/gcc/i486-linux-gnu/4.1.2/../../../../lib/libc.a)SYS_libc.o
(/usr/lib/gcc/i486-linux-gnu/4.1.2/../../../../lib/libc.a)localename.o
(/usr/lib/gcc/i486-linux-gnu/4.1.2/../../../../lib/libc.a)coll-lookup.o
(/usr/lib/gcc/i486-linux-gnu/4.1.2/../../../../lib/libc.a)setfpucw.o
(/usr/lib/gcc/i486-linux-gnu/4.1.2/../../../../lib/libc.a)fpu_control.o
(/usr/lib/gcc/i486-linux-gnu/4.1.2/../../../../lib/libc.a)allocrtsig.o
(/usr/lib/gcc/i486-linux-gnu/4.1.2/../../../../lib/libc.a)qsort.o
(/usr/lib/gcc/i486-linux-gnu/4.1.2/../../../../lib/libc.a)secure-getenv.o
(/usr/lib/gcc/i486-linux-gnu/4.1.2/../../../../lib/libc.a)lrand48_r.o
(/usr/lib/gcc/i486-linux-gnu/4.1.2/../../../../lib/libc.a)nrand48_r.o
(/usr/lib/gcc/i486-linux-gnu/4.1.2/../../../../lib/libc.a)srand48_r.o
(/usr/lib/gcc/i486-linux-gnu/4.1.2/../../../../lib/libc.a)drand48-iter.o
(/usr/lib/gcc/i486-linux-gnu/4.1.2/../../../../lib/libc.a)addmul_1.o
(/usr/lib/gcc/i486-linux-gnu/4.1.2/../../../../lib/libc.a)_itoa.o
(/usr/lib/gcc/i486-linux-gnu/4.1.2/../../../../lib/libc.a)itoa-digits.o
(/usr/lib/gcc/i486-linux-gnu/4.1.2/../../../../lib/libc.a)itoa-udigits.o
(/usr/lib/gcc/i486-linux-gnu/4.1.2/../../../../lib/libc.a)vfprintf.o
(/usr/lib/gcc/i486-linux-gnu/4.1.2/../../../../lib/libc.a)printf_fp.o
(/usr/lib/gcc/i486-linux-gnu/4.1.2/../../../../lib/libc.a)reg-printf.o
(/usr/lib/gcc/i486-linux-gnu/4.1.2/../../../../lib/libc.a)printf_fphex.o
(/usr/lib/gcc/i486-linux-gnu/4.1.2/../../../../lib/libc.a)fprintf.o
(/usr/lib/gcc/i486-linux-gnu/4.1.2/../../../../lib/libc.a)snprintf.o
(/usr/lib/gcc/i486-linux-gnu/4.1.2/../../../../lib/libc.a)sprintf.o
(/usr/lib/gcc/i486-linux-gnu/4.1.2/../../../../lib/libc.a)vfwprintf.o
(/usr/lib/gcc/i486-linux-gnu/4.1.2/../../../../lib/libc.a)vfscanf.o
(/usr/lib/gcc/i486-linux-gnu/4.1.2/../../../../lib/libc.a)tempname.o
(/usr/lib/gcc/i486-linux-gnu/4.1.2/../../../../lib/libc.a)getline.o
(/usr/lib/gcc/i486-linux-gnu/4.1.2/../../../../lib/libc.a)funlockfile.o
(/usr/lib/gcc/i486-linux-gnu/4.1.2/../../../../lib/libc.a)errlist.o
(/usr/lib/gcc/i486-linux-gnu/4.1.2/../../../../lib/libc.a)siglist.o
(/usr/lib/gcc/i486-linux-gnu/4.1.2/../../../../lib/libc.a)printf-parsemb.o
(/usr/lib/gcc/i486-linux-gnu/4.1.2/../../../../lib/libc.a)printf-parsewc.o
(/usr/lib/gcc/i486-linux-gnu/4.1.2/../../../../lib/libc.a)filedoalloc.o
(/usr/lib/gcc/i486-linux-gnu/4.1.2/../../../../lib/libc.a)wfiledoalloc.o
(/usr/lib/gcc/i486-linux-gnu/4.1.2/../../../../lib/libc.a)iogetdelim.o
(/usr/lib/gcc/i486-linux-gnu/4.1.2/../../../../lib/libc.a)iopadn.o
(/usr/lib/gcc/i486-linux-gnu/4.1.2/../../../../lib/libc.a)iosetbuffer.o
(/usr/lib/gcc/i486-linux-gnu/4.1.2/../../../../lib/libc.a)iovsprintf.o
(/usr/lib/gcc/i486-linux-gnu/4.1.2/../../../../lib/libc.a)iowpadn.o
(/usr/lib/gcc/i486-linux-gnu/4.1.2/../../../../lib/libc.a)memstream.o
(/usr/lib/gcc/i486-linux-gnu/4.1.2/../../../../lib/libc.a)vsnprintf.o
(/usr/lib/gcc/i486-linux-gnu/4.1.2/../../../../lib/libc.a)iofread_u.o
(/usr/lib/gcc/i486-linux-gnu/4.1.2/../../../../lib/libc.a)iofputs_u.o
(/usr/lib/gcc/i486-linux-gnu/4.1.2/../../../../lib/libc.a)sdlerror.o
(/usr/lib/gcc/i486-linux-gnu/4.1.2/../../../../lib/libc.a)sdladdr.o
(/usr/lib/gcc/i486-linux-gnu/4.1.2/../../../../lib/libc.a)sdladdr1.o
(/usr/lib/gcc/i486-linux-gnu/4.1.2/../../../../lib/libc.a)sdlinfo.o
(/usr/lib/gcc/i486-linux-gnu/4.1.2/../../../../lib/libc.a)sdlmopen.o
(/usr/lib/gcc/i486-linux-gnu/4.1.2/../../../../lib/libc.a)strcasecmp_l.o
(/usr/lib/gcc/i486-linux-gnu/4.1.2/../../../../lib/libc.a)basename.o
(/usr/lib/gcc/i486-linux-gnu/4.1.2/../../../../lib/libc.a)wcscat.o
(/usr/lib/gcc/i486-linux-gnu/4.1.2/../../../../lib/libc.a)wcschr.o
(/usr/lib/gcc/i486-linux-gnu/4.1.2/../../../../lib/libc.a)wcslen.o
(/usr/lib/gcc/i486-linux-gnu/4.1.2/../../../../lib/libc.a)wmemchr.o
(/usr/lib/gcc/i486-linux-gnu/4.1.2/../../../../lib/libc.a)btowc.o
(/usr/lib/gcc/i486-linux-gnu/4.1.2/../../../../lib/libc.a)mbrlen.o
(/usr/lib/gcc/i486-linux-gnu/4.1.2/../../../../lib/libc.a)mbrtowc.o
(/usr/lib/gcc/i486-linux-gnu/4.1.2/../../../../lib/libc.a)wcrtomb.o
(/usr/lib/gcc/i486-linux-gnu/4.1.2/../../../../lib/libc.a)mbsrtowcs.o
(/usr/lib/gcc/i486-linux-gnu/4.1.2/../../../../lib/libc.a)wcsrtombs.o
(/usr/lib/gcc/i486-linux-gnu/4.1.2/../../../../lib/libc.a)mbsnrtowcs.o
(/usr/lib/gcc/i486-linux-gnu/4.1.2/../../../../lib/libc.a)wcsnlen.o
(/usr/lib/gcc/i486-linux-gnu/4.1.2/../../../../lib/libc.a)wcschrnul.o
(/usr/lib/gcc/i486-linux-gnu/4.1.2/../../../../lib/libc.a)wcscoll.o
(/usr/lib/gcc/i486-linux-gnu/4.1.2/../../../../lib/libc.a)wcscoll_l.o
(/usr/lib/gcc/i486-linux-gnu/4.1.2/../../../../lib/libc.a)mbsrtowcs_l.o
(/usr/lib/gcc/i486-linux-gnu/4.1.2/../../../../lib/libc.a)offtime.o
(/usr/lib/gcc/i486-linux-gnu/4.1.2/../../../../lib/libc.a)asctime.o
(/usr/lib/gcc/i486-linux-gnu/4.1.2/../../../../lib/libc.a)getdents64.o
(/usr/lib/gcc/i486-linux-gnu/4.1.2/../../../../lib/libc.a)getgrnam_r.o
(/usr/lib/gcc/i486-linux-gnu/4.1.2/../../../../lib/libc.a)pread.o
(/usr/lib/gcc/i486-linux-gnu/4.1.2/../../../../lib/libc.a)xstat.o
(/usr/lib/gcc/i486-linux-gnu/4.1.2/../../../../lib/libc.a)statfs.o
(/usr/lib/gcc/i486-linux-gnu/4.1.2/../../../../lib/libc.a)lseek.o
(/usr/lib/gcc/i486-linux-gnu/4.1.2/../../../../lib/libc.a)xstatconv.o
(/usr/lib/gcc/i486-linux-gnu/4.1.2/../../../../lib/libc.a)getrlimit.o
(/usr/lib/gcc/i486-linux-gnu/4.1.2/../../../../lib/libc.a)setrlimit.o
(/usr/lib/gcc/i486-linux-gnu/4.1.2/../../../../lib/libc.a)brk.o
(/usr/lib/gcc/i486-linux-gnu/4.1.2/../../../../lib/libc.a)readv.o
(/usr/lib/gcc/i486-linux-gnu/4.1.2/../../../../lib/libc.a)writev.o
(/usr/lib/gcc/i486-linux-gnu/4.1.2/../../../../lib/libc.a)gethostname.o
(/usr/lib/gcc/i486-linux-gnu/4.1.2/../../../../lib/libc.a)opensock.o
(/usr/lib/gcc/i486-linux-gnu/4.1.2/../../../../lib/libc.a)wctrans.o
(/usr/lib/gcc/i486-linux-gnu/4.1.2/../../../../lib/libc.a)towctrans.o
(/usr/lib/gcc/i486-linux-gnu/4.1.2/../../../../lib/libc.a)res_init.o
(/usr/lib/gcc/i486-linux-gnu/4.1.2/../../../../lib/libc.a)res_hconf.o
(/usr/lib/gcc/i486-linux-gnu/4.1.2/../../../../lib/libc.a)digits_dots.o
(/usr/lib/gcc/i486-linux-gnu/4.1.2/../../../../lib/libc.a)service-lookup.o
(/usr/lib/gcc/i486-linux-gnu/4.1.2/../../../../lib/libc.a)grp-lookup.o
(/usr/lib/gcc/i486-linux-gnu/4.1.2/../../../../lib/libc.a)ethers-lookup.o
(/usr/lib/gcc/i486-linux-gnu/4.1.2/../../../../lib/libc.a)readonly-area.o
(/usr/lib/gcc/i486-linux-gnu/4.1.2/../../../../lib/libc.a)ifreq.o
(/usr/lib/gcc/i486-linux-gnu/4.1.2/../../../../lib/libc.a)auth_none.o
(/usr/lib/gcc/i486-linux-gnu/4.1.2/../../../../lib/libc.a)clnt_gen.o
(/usr/lib/gcc/i486-linux-gnu/4.1.2/../../../../lib/libc.a)clnt_simp.o
(/usr/lib/gcc/i486-linux-gnu/4.1.2/../../../../lib/libc.a)rpc_dtable.o
(/usr/lib/gcc/i486-linux-gnu/4.1.2/../../../../lib/libc.a)pmap_clnt.o
(/usr/lib/gcc/i486-linux-gnu/4.1.2/../../../../lib/libc.a)publickey.o
(/usr/lib/gcc/i486-linux-gnu/4.1.2/../../../../lib/libc.a)des_crypt.o
(/usr/lib/gcc/i486-linux-gnu/4.1.2/../../../../lib/libc.a)des_impl.o
(/usr/lib/gcc/i486-linux-gnu/4.1.2/../../../../lib/libc.a)netname.o
(/usr/lib/gcc/i486-linux-gnu/4.1.2/../../../../lib/libc.a)clnt_unix.o
(/usr/lib/gcc/i486-linux-gnu/4.1.2/../../../../lib/libc.a)nis_hash.o
(/usr/lib/gcc/i486-linux-gnu/4.1.2/../../../../lib/libc.a)getpt.o
(/usr/lib/gcc/i486-linux-gnu/4.1.2/../../../../lib/libc.a)dl-load.o
(/usr/lib/gcc/i486-linux-gnu/4.1.2/../../../../lib/libc.a)dl-cache.o
(/usr/lib/gcc/i486-linux-gnu/4.1.2/../../../../lib/libc.a)dl-lookup.o
(/usr/lib/gcc/i486-linux-gnu/4.1.2/../../../../lib/libc.a)dl-object.o
(/usr/lib/gcc/i486-linux-gnu/4.1.2/../../../../lib/libc.a)dl-reloc.o
(/usr/lib/gcc/i486-linux-gnu/4.1.2/../../../../lib/libc.a)dl-error.o
(/usr/lib/gcc/i486-linux-gnu/4.1.2/../../../../lib/libc.a)dl-debug.o
(/usr/lib/gcc/i486-linux-gnu/4.1.2/../../../../lib/libc.a)dl-misc.o
(/usr/lib/gcc/i486-linux-gnu/4.1.2/../../../../lib/libc.a)dl-profile.o
(/usr/lib/gcc/i486-linux-gnu/4.1.2/../../../../lib/libc.a)dl-tls.o
(/usr/lib/gcc/i486-linux-gnu/4.1.2/../../../../lib/libc.a)dl-origin.o
(/usr/lib/gcc/i486-linux-gnu/4.1.2/../../../../lib/libc.a)dl-execstack.o
(/usr/lib/gcc/i486-linux-gnu/4.1.2/../../../../lib/libc.a)dl-open.o
(/usr/lib/gcc/i486-linux-gnu/4.1.2/../../../../lib/libc.a)dl-close.o
(/usr/lib/gcc/i486-linux-gnu/4.1.2/../../../../lib/libc.a)dl-trampoline.o
(/usr/lib/gcc/i486-linux-gnu/4.1.2/../../../../lib/libc.a)dl-tsd.o
(/usr/lib/gcc/i486-linux-gnu/4.1.2/../../../../lib/libc.a)lc-monetary.o
(/usr/lib/gcc/i486-linux-gnu/4.1.2/../../../../lib/libc.a)lc-numeric.o
(/usr/lib/gcc/i486-linux-gnu/4.1.2/../../../../lib/libc.a)s_isinf.o
(/usr/lib/gcc/i486-linux-gnu/4.1.2/../../../../lib/libc.a)s_isinfl.o
(/usr/lib/gcc/i486-linux-gnu/4.1.2/../../../../lib/libc.a)s_isnanl.o
(/usr/lib/gcc/i486-linux-gnu/4.1.2/../../../../lib/libc.a)strtof.o
(/usr/lib/gcc/i486-linux-gnu/4.1.2/../../../../lib/libc.a)strtold.o
(/usr/lib/gcc/i486-linux-gnu/4.1.2/../../../../lib/libc.a)strtof_l.o
(/usr/lib/gcc/i486-linux-gnu/4.1.2/../../../../lib/libc.a)strtold_l.o
(/usr/lib/gcc/i486-linux-gnu/4.1.2/../../../../lib/libc.a)divrem.o
(/usr/lib/gcc/i486-linux-gnu/4.1.2/../../../../lib/libc.a)dbl2mpn.o
(/usr/lib/gcc/i486-linux-gnu/4.1.2/../../../../lib/libc.a)ldbl2mpn.o
(/usr/lib/gcc/i486-linux-gnu/4.1.2/../../../../lib/libc.a)mpn2flt.o
(/usr/lib/gcc/i486-linux-gnu/4.1.2/../../../../lib/libc.a)mpn2ldbl.o
(/usr/lib/gcc/i486-linux-gnu/4.1.2/../../../../lib/libc.a)_itowa.o
(/usr/lib/gcc/i486-linux-gnu/4.1.2/../../../../lib/libc.a)itowa-digits.o
(/usr/lib/gcc/i486-linux-gnu/4.1.2/../../../../lib/libc.a)sdlopen.o
(/usr/lib/gcc/i486-linux-gnu/4.1.2/../../../../lib/libc.a)sdlclose.o
(/usr/lib/gcc/i486-linux-gnu/4.1.2/../../../../lib/libc.a)sdlsym.o
(/usr/lib/gcc/i486-linux-gnu/4.1.2/../../../../lib/libc.a)sdlvsym.o
(/usr/lib/gcc/i486-linux-gnu/4.1.2/../../../../lib/libc.a)wcscmp.o
(/usr/lib/gcc/i486-linux-gnu/4.1.2/../../../../lib/libc.a)profil.o
(/usr/lib/gcc/i486-linux-gnu/4.1.2/../../../../lib/libc.a)prof-freq.o
(/usr/lib/gcc/i486-linux-gnu/4.1.2/../../../../lib/libc.a)key-lookup.o
(/usr/lib/gcc/i486-linux-gnu/4.1.2/../../../../lib/libc.a)getprtname_r.o
(/usr/lib/gcc/i486-linux-gnu/4.1.2/../../../../lib/libc.a)dl-deps.o
(/usr/lib/gcc/i486-linux-gnu/4.1.2/../../../../lib/libc.a)dl-runtime.o
(/usr/lib/gcc/i486-linux-gnu/4.1.2/../../../../lib/libc.a)dl-init.o
(/usr/lib/gcc/i486-linux-gnu/4.1.2/../../../../lib/libc.a)dl-fini.o
(/usr/lib/gcc/i486-linux-gnu/4.1.2/../../../../lib/libc.a)dl-version.o
(/usr/lib/gcc/i486-linux-gnu/4.1.2/../../../../lib/libc.a)dl-sym.o
(/usr/lib/gcc/i486-linux-gnu/4.1.2/../../../../lib/libc.a)setitimer.o
(/usr/lib/gcc/i486-linux-gnu/4.1.2/../../../../lib/libc.a)proto-lookup.o
(/usr/lib/gcc/i486-linux-gnu/4.1.2/libgcc_eh.a)unwind-dw2.o
(/usr/lib/gcc/i486-linux-gnu/4.1.2/libgcc_eh.a)unwind-dw2-fde-glibc.o
(/usr/lib/gcc/i486-linux-gnu/4.1.2/libgcc_eh.a)unwind-c.o
(/usr/lib/gcc/i486-linux-gnu/4.1.2/../../../../lib/libc.a)dl-iteratephdr.o
attempt to open /usr/lib/gcc/i486-linux-gnu/4.1.2/crtend.o succeeded
/usr/lib/gcc/i486-linux-gnu/4.1.2/crtend.o
attempt to open /usr/lib/gcc/i486-linux-gnu/4.1.2/../../../../lib/crtn.o succeeded
/usr/lib/gcc/i486-linux-gnu/4.1.2/../../../../lib/crtn.onetworking/lib.a(nslookup.o): In function `print_host':
nslookup.c:(.text.print_host+0x35): warning: Using 'getaddrinfo' in statically linked applications requires at runtime the shared libraries from the glibc version used for linking
networking/lib.a(ipcalc.o): In function `ipcalc_main':
ipcalc.c:(.text.ipcalc_main+0x219): warning: Using 'gethostbyaddr' in statically linked applications requires at runtime the shared libraries from the glibc version used for linking
util-linux/lib.a(mount.o): In function `singlemount':
mount.c:(.text.singlemount+0x244): warning: Using 'gethostbyname' in statically linked applications requires at runtime the shared libraries from the glibc version used for linking
networking/lib.a(inetd.o): In function `reread_config_file':
inetd.c:(.text.reread_config_file+0x1e2): warning: Using 'getservbyname' in statically linked applications requires at runtime the shared libraries from the glibc version used for linking
networking/lib.a(netstat.o): In function `ip_port_str':
netstat.c:(.text.ip_port_str+0x3d): warning: Using 'getservbyport' in statically linked applications requires at runtime the shared libraries from the glibc version used for linking

